SF:D:\GitHub\clodoaldo-zeferini-enterprise\template-api-netcore\src\Service.Template.Application\UseCases\Template\DeleteTemplateUseCaseAsync.cs
FN:78,System.Void Service.Template.Application.UseCases.Template.DeleteTemplateUseCaseAsync::Dispose()
FNDA:0,System.Void Service.Template.Application.UseCases.Template.DeleteTemplateUseCaseAsync::Dispose()
DA:79,0
DA:80,0
DA:81,0
DA:82,0
FN:84,System.Void Service.Template.Application.UseCases.Template.DeleteTemplateUseCaseAsync::Dispose(System.Boolean)
FNDA:0,System.Void Service.Template.Application.UseCases.Template.DeleteTemplateUseCaseAsync::Dispose(System.Boolean)
DA:85,0
DA:86,0
DA:87,0
DA:88,0
DA:89,0
FN:91,System.Void Service.Template.Application.UseCases.Template.DeleteTemplateUseCaseAsync::Finalize()
FNDA:0,System.Void Service.Template.Application.UseCases.Template.DeleteTemplateUseCaseAsync::Finalize()
DA:92,0
DA:93,0
DA:94,0
FN:19,System.Void Service.Template.Application.UseCases.Template.DeleteTemplateUseCaseAsync::.ctor(AutoMapper.IMapper,Service.Template.Application.Interfaces.IUseCaseAsync`2<Service.Template.Application.Models.Request.GetTemplateRequest,Service.Template.Application.Models.Response.TemplateOutResponse>,Service.Template.Domain.Interfaces.Repositories.DB.ITemplateRepository)
FNDA:0,System.Void Service.Template.Application.UseCases.Template.DeleteTemplateUseCaseAsync::.ctor(AutoMapper.IMapper,Service.Template.Application.Interfaces.IUseCaseAsync`2<Service.Template.Application.Models.Request.GetTemplateRequest,Service.Template.Application.Models.Response.TemplateOutResponse>,Service.Template.Domain.Interfaces.Repositories.DB.ITemplateRepository)
DA:20,0
DA:21,0
DA:22,0
DA:23,0
DA:24,0
DA:25,0
DA:26,0
DA:27,0
DA:28,0
DA:30,0
DA:31,0
DA:32,0
DA:33,0
DA:34,0
DA:35,0
FN:37,System.Void Service.Template.Application.UseCases.Template.DeleteTemplateUseCaseAsync/<ExecuteAsync>d__5::MoveNext()
FNDA:0,System.Void Service.Template.Application.UseCases.Template.DeleteTemplateUseCaseAsync/<ExecuteAsync>d__5::MoveNext()
DA:38,0
DA:39,0
DA:40,0
DA:41,0
DA:42,0
DA:43,0
DA:47,0
DA:48,0
DA:50,0
DA:52,0
DA:53,0
DA:54,0
DA:55,0
DA:56,0
DA:57,0
DA:58,0
DA:59,0
DA:60,0
DA:61,0
DA:63,0
DA:64,0
DA:65,0
DA:66,0
DA:68,0
DA:69,0
DA:72,0
DA:74,0
DA:75,0
BRDA:39,31,0,0
BRDA:39,31,1,0
BRDA:52,320,0,0
BRDA:52,320,1,0
LF:55
LH:0
BRF:4
BRH:0
FNF:5
FNH:0
end_of_record
SF:D:\GitHub\clodoaldo-zeferini-enterprise\template-api-netcore\src\Service.Template.Application\UseCases\Template\GetTemplateUseCaseAsync.cs
FN:205,System.Void Service.Template.Application.UseCases.Template.GetTemplateUseCaseAsync::Dispose()
FNDA:0,System.Void Service.Template.Application.UseCases.Template.GetTemplateUseCaseAsync::Dispose()
DA:206,0
DA:207,0
DA:208,0
DA:209,0
FN:211,System.Void Service.Template.Application.UseCases.Template.GetTemplateUseCaseAsync::Dispose(System.Boolean)
FNDA:0,System.Void Service.Template.Application.UseCases.Template.GetTemplateUseCaseAsync::Dispose(System.Boolean)
DA:212,0
DA:213,0
DA:214,0
FN:216,System.Void Service.Template.Application.UseCases.Template.GetTemplateUseCaseAsync::Finalize()
FNDA:0,System.Void Service.Template.Application.UseCases.Template.GetTemplateUseCaseAsync::Finalize()
DA:217,0
DA:218,0
DA:219,0
FN:21,System.Void Service.Template.Application.UseCases.Template.GetTemplateUseCaseAsync::.ctor(Microsoft.Extensions.Configuration.IConfiguration,Service.Template.Domain.Interfaces.Repositories.DB.ITemplateRepository)
FNDA:0,System.Void Service.Template.Application.UseCases.Template.GetTemplateUseCaseAsync::.ctor(Microsoft.Extensions.Configuration.IConfiguration,Service.Template.Domain.Interfaces.Repositories.DB.ITemplateRepository)
DA:22,0
DA:23,0
DA:24,0
DA:25,0
DA:26,0
DA:28,0
DA:29,0
DA:30,0
DA:31,0
DA:32,0
DA:33,0
FN:149,System.Collections.Generic.IEnumerable`1<Service.Template.Domain.Entities.Navigator> Service.Template.Application.UseCases.Template.GetTemplateUseCaseAsync/<>c::<ExecuteAsync>b__3_0(Dapper.SqlMapper/GridReader)
FNDA:0,System.Collections.Generic.IEnumerable`1<Service.Template.Domain.Entities.Navigator> Service.Template.Application.UseCases.Template.GetTemplateUseCaseAsync/<>c::<ExecuteAsync>b__3_0(Dapper.SqlMapper/GridReader)
DA:150,0
FN:150,System.Collections.Generic.IEnumerable`1<Service.Template.Domain.Entities.Template> Service.Template.Application.UseCases.Template.GetTemplateUseCaseAsync/<>c::<ExecuteAsync>b__3_1(Dapper.SqlMapper/GridReader)
FNDA:0,System.Collections.Generic.IEnumerable`1<Service.Template.Domain.Entities.Template> Service.Template.Application.UseCases.Template.GetTemplateUseCaseAsync/<>c::<ExecuteAsync>b__3_1(Dapper.SqlMapper/GridReader)
DA:151,0
FN:35,System.Void Service.Template.Application.UseCases.Template.GetTemplateUseCaseAsync/<ExecuteAsync>d__3::MoveNext()
FNDA:0,System.Void Service.Template.Application.UseCases.Template.GetTemplateUseCaseAsync/<ExecuteAsync>d__3::MoveNext()
DA:36,0
DA:38,0
DA:39,0
DA:40,0
DA:41,0
DA:43,0
DA:44,0
DA:45,0
DA:46,0
DA:48,0
DA:50,0
DA:51,0
DA:53,0
DA:54,0
DA:56,0
DA:57,0
DA:59,0
DA:61,0
DA:62,0
DA:63,0
DA:64,0
DA:65,0
DA:67,0
DA:68,0
DA:69,0
DA:72,0
DA:73,0
DA:74,0
DA:75,0
DA:76,0
DA:77,0
DA:79,0
DA:81,0
DA:83,0
DA:84,0
DA:85,0
DA:86,0
DA:87,0
DA:88,0
DA:89,0
DA:90,0
DA:92,0
DA:93,0
DA:94,0
DA:95,0
DA:96,0
DA:97,0
DA:98,0
DA:99,0
DA:100,0
DA:101,0
DA:102,0
DA:103,0
DA:104,0
DA:105,0
DA:106,0
DA:107,0
DA:108,0
DA:109,0
DA:110,0
DA:111,0
DA:112,0
DA:113,0
DA:114,0
DA:115,0
DA:116,0
DA:117,0
DA:118,0
DA:119,0
DA:120,0
DA:121,0
DA:122,0
DA:123,0
DA:124,0
DA:125,0
DA:126,0
DA:127,0
DA:128,0
DA:129,0
DA:130,0
DA:131,0
DA:132,0
DA:133,0
DA:134,0
DA:135,0
DA:136,0
DA:137,0
DA:138,0
DA:139,0
DA:140,0
DA:141,0
DA:142,0
DA:143,0
DA:144,0
DA:145,0
DA:146,0
DA:147,0
DA:149,0
DA:152,0
DA:153,0
DA:155,0
DA:156,0
DA:158,0
DA:160,0
DA:161,0
DA:162,0
DA:163,0
DA:165,0
DA:166,0
DA:167,0
DA:168,0
DA:169,0
DA:171,0
DA:172,0
DA:173,0
DA:174,0
DA:175,0
DA:176,0
DA:178,0
DA:179,0
DA:180,0
DA:181,0
DA:183,0
DA:186,0
DA:187,0
DA:188,0
DA:189,0
DA:190,0
DA:191,0
DA:192,0
DA:193,0
DA:194,0
DA:195,0
DA:197,0
DA:198,0
DA:199,0
DA:201,0
DA:202,0
BRDA:39,45,0,0
BRDA:39,45,1,0
BRDA:56,346,0,0
BRDA:56,346,1,0
BRDA:57,384,0,0
BRDA:57,384,1,0
BRDA:62,434,0,0
BRDA:62,447,0,0
BRDA:62,447,1,0
BRDA:62,434,1,0
BRDA:62,483,0,0
BRDA:62,483,1,0
BRDA:68,541,0,0
BRDA:68,563,0,0
BRDA:68,563,1,0
BRDA:68,541,1,0
BRDA:68,595,0,0
BRDA:72,642,0,0
BRDA:72,642,1,0
BRDA:72,670,0,0
BRDA:72,670,1,0
BRDA:68,595,1,0
BRDA:83,974,0,0
BRDA:83,974,1,0
BRDA:83,1042,0,0
BRDA:83,1042,1,0
BRDA:160,1571,1,0
BRDA:160,1571,0,0
BRDA:165,1806,1,0
BRDA:167,1737,0,0
BRDA:167,1737,1,0
BRDA:165,1806,0,0
BRDA:171,1856,0,0
BRDA:171,1856,1,0
BRDA:171,1876,0,0
BRDA:171,1876,1,0
LF:161
LH:0
BRF:36
BRH:0
FNF:7
FNH:0
end_of_record
SF:D:\GitHub\clodoaldo-zeferini-enterprise\template-api-netcore\src\Service.Template.Application\UseCases\Template\InsertTemplateUseCaseAsync.cs
FN:81,System.Void Service.Template.Application.UseCases.Template.InsertTemplateUseCaseAsync::Dispose()
FNDA:0,System.Void Service.Template.Application.UseCases.Template.InsertTemplateUseCaseAsync::Dispose()
DA:82,0
DA:83,0
DA:84,0
DA:85,0
FN:87,System.Void Service.Template.Application.UseCases.Template.InsertTemplateUseCaseAsync::Dispose(System.Boolean)
FNDA:0,System.Void Service.Template.Application.UseCases.Template.InsertTemplateUseCaseAsync::Dispose(System.Boolean)
DA:88,0
DA:89,0
DA:90,0
DA:91,0
FN:93,System.Void Service.Template.Application.UseCases.Template.InsertTemplateUseCaseAsync::Finalize()
FNDA:0,System.Void Service.Template.Application.UseCases.Template.InsertTemplateUseCaseAsync::Finalize()
DA:94,0
DA:95,0
DA:96,0
FN:20,System.Void Service.Template.Application.UseCases.Template.InsertTemplateUseCaseAsync::.ctor(AutoMapper.IMapper,Service.Template.Domain.Interfaces.Repositories.DB.ITemplateRepository)
FNDA:0,System.Void Service.Template.Application.UseCases.Template.InsertTemplateUseCaseAsync::.ctor(AutoMapper.IMapper,Service.Template.Domain.Interfaces.Repositories.DB.ITemplateRepository)
DA:21,0
DA:22,0
DA:23,0
DA:24,0
DA:25,0
DA:26,0
DA:27,0
DA:29,0
DA:30,0
DA:31,0
DA:32,0
DA:33,0
DA:34,0
FN:36,System.Void Service.Template.Application.UseCases.Template.InsertTemplateUseCaseAsync/<ExecuteAsync>d__4::MoveNext()
FNDA:0,System.Void Service.Template.Application.UseCases.Template.InsertTemplateUseCaseAsync/<ExecuteAsync>d__4::MoveNext()
DA:37,0
DA:38,0
DA:40,0
DA:41,0
DA:42,0
DA:43,0
DA:44,0
DA:48,0
DA:49,0
DA:50,0
DA:51,0
DA:53,0
DA:55,0
DA:56,0
DA:57,0
DA:58,0
DA:59,0
DA:60,0
DA:61,0
DA:62,0
DA:63,0
DA:64,0
DA:65,0
DA:67,0
DA:68,0
DA:69,0
DA:70,0
DA:72,0
DA:73,0
DA:74,0
DA:75,0
DA:77,0
DA:78,0
BRDA:40,47,0,0
BRDA:40,47,1,0
LF:57
LH:0
BRF:2
BRH:0
FNF:5
FNH:0
end_of_record
SF:D:\GitHub\clodoaldo-zeferini-enterprise\template-api-netcore\src\Service.Template.Application\UseCases\Template\UpdateTemplateUseCaseAsync.cs
FN:93,System.Void Service.Template.Application.UseCases.Template.UpdateTemplateUseCaseAsync::Dispose()
FNDA:0,System.Void Service.Template.Application.UseCases.Template.UpdateTemplateUseCaseAsync::Dispose()
DA:94,0
DA:95,0
DA:96,0
DA:97,0
FN:99,System.Void Service.Template.Application.UseCases.Template.UpdateTemplateUseCaseAsync::Dispose(System.Boolean)
FNDA:0,System.Void Service.Template.Application.UseCases.Template.UpdateTemplateUseCaseAsync::Dispose(System.Boolean)
DA:100,0
DA:101,0
DA:102,0
DA:103,0
DA:104,0
FN:106,System.Void Service.Template.Application.UseCases.Template.UpdateTemplateUseCaseAsync::Finalize()
FNDA:0,System.Void Service.Template.Application.UseCases.Template.UpdateTemplateUseCaseAsync::Finalize()
DA:107,0
DA:108,0
DA:109,0
FN:20,System.Void Service.Template.Application.UseCases.Template.UpdateTemplateUseCaseAsync::.ctor(AutoMapper.IMapper,Service.Template.Application.Interfaces.IUseCaseAsync`2<Service.Template.Application.Models.Request.GetTemplateRequest,Service.Template.Application.Models.Response.TemplateOutResponse>,Service.Template.Domain.Interfaces.Repositories.DB.ITemplateRepository)
FNDA:0,System.Void Service.Template.Application.UseCases.Template.UpdateTemplateUseCaseAsync::.ctor(AutoMapper.IMapper,Service.Template.Application.Interfaces.IUseCaseAsync`2<Service.Template.Application.Models.Request.GetTemplateRequest,Service.Template.Application.Models.Response.TemplateOutResponse>,Service.Template.Domain.Interfaces.Repositories.DB.ITemplateRepository)
DA:21,0
DA:22,0
DA:23,0
DA:24,0
DA:25,0
DA:26,0
DA:27,0
DA:28,0
DA:29,0
DA:31,0
DA:32,0
DA:33,0
DA:34,0
DA:35,0
DA:36,0
FN:38,System.Void Service.Template.Application.UseCases.Template.UpdateTemplateUseCaseAsync/<ExecuteAsync>d__5::MoveNext()
FNDA:0,System.Void Service.Template.Application.UseCases.Template.UpdateTemplateUseCaseAsync/<ExecuteAsync>d__5::MoveNext()
DA:39,0
DA:40,0
DA:41,0
DA:42,0
DA:43,0
DA:44,0
DA:50,0
DA:51,0
DA:53,0
DA:55,0
DA:58,0
DA:59,0
DA:60,0
DA:61,0
DA:63,0
DA:64,0
DA:65,0
DA:66,0
DA:67,0
DA:68,0
DA:69,0
DA:70,0
DA:71,0
DA:72,0
DA:73,0
DA:74,0
DA:75,0
DA:76,0
DA:77,0
DA:78,0
DA:80,0
DA:81,0
DA:82,0
DA:83,0
DA:85,0
DA:86,0
DA:87,0
DA:89,0
DA:90,0
BRDA:39,16,0,0
BRDA:40,47,0,0
BRDA:40,47,1,0
BRDA:53,283,0,0
BRDA:53,283,1,0
BRDA:39,16,1,0
BRDA:63,577,0,0
BRDA:63,577,1,0
LF:66
LH:0
BRF:8
BRH:0
FNF:5
FNH:0
end_of_record
SF:D:\GitHub\clodoaldo-zeferini-enterprise\template-api-netcore\src\Service.Template.Application\Models\Template.cs
FN:7,System.Guid Service.Template.Application.Models.Template::get_Id()
FNDA:0,System.Guid Service.Template.Application.Models.Template::get_Id()
DA:8,0
FN:8,System.String Service.Template.Application.Models.Template::get_Name()
FNDA:0,System.String Service.Template.Application.Models.Template::get_Name()
DA:9,0
FN:9,Service.Template.Domain.Enum.EStatus Service.Template.Application.Models.Template::get_Status()
FNDA:0,Service.Template.Domain.Enum.EStatus Service.Template.Application.Models.Template::get_Status()
DA:10,0
FN:10,System.Nullable`1<System.DateTime> Service.Template.Application.Models.Template::get_DataInsert()
FNDA:0,System.Nullable`1<System.DateTime> Service.Template.Application.Models.Template::get_DataInsert()
DA:11,0
FN:11,System.Nullable`1<System.DateTime> Service.Template.Application.Models.Template::get_DataUpdate()
FNDA:0,System.Nullable`1<System.DateTime> Service.Template.Application.Models.Template::get_DataUpdate()
DA:12,0
FN:14,System.Void Service.Template.Application.Models.Template::.ctor()
FNDA:0,System.Void Service.Template.Application.Models.Template::.ctor()
DA:15,0
DA:16,0
DA:17,0
FN:18,System.Void Service.Template.Application.Models.Template::.ctor(System.Guid)
FNDA:0,System.Void Service.Template.Application.Models.Template::.ctor(System.Guid)
DA:19,0
DA:20,0
DA:21,0
DA:22,0
FN:23,System.Void Service.Template.Application.Models.Template::.ctor(System.Guid,System.String,Service.Template.Domain.Enum.EStatus,System.Nullable`1<System.DateTime>,System.Nullable`1<System.DateTime>)
FNDA:0,System.Void Service.Template.Application.Models.Template::.ctor(System.Guid,System.String,Service.Template.Domain.Enum.EStatus,System.Nullable`1<System.DateTime>,System.Nullable`1<System.DateTime>)
DA:24,0
DA:25,0
DA:26,0
DA:27,0
DA:28,0
DA:29,0
DA:30,0
LF:19
LH:0
BRF:0
BRH:0
FNF:8
FNH:0
end_of_record
SF:D:\GitHub\clodoaldo-zeferini-enterprise\template-api-netcore\src\Service.Template.Application\Models\Response\Mensagem.cs
FN:6,System.DateTime Service.Template.Application.Models.Response.Mensagem::get_DataHora()
FNDA:0,System.DateTime Service.Template.Application.Models.Response.Mensagem::get_DataHora()
DA:7,0
FN:7,System.String Service.Template.Application.Models.Response.Mensagem::get_Texto()
FNDA:0,System.String Service.Template.Application.Models.Response.Mensagem::get_Texto()
DA:8,0
FN:9,System.Void Service.Template.Application.Models.Response.Mensagem::.ctor()
FNDA:0,System.Void Service.Template.Application.Models.Response.Mensagem::.ctor()
DA:10,0
FN:11,System.Void Service.Template.Application.Models.Response.Mensagem::.ctor(System.String)
FNDA:0,System.Void Service.Template.Application.Models.Response.Mensagem::.ctor(System.String)
DA:12,0
DA:13,0
DA:14,0
DA:15,0
DA:16,0
LF:8
LH:0
BRF:0
BRH:0
FNF:4
FNH:0
end_of_record
SF:D:\GitHub\clodoaldo-zeferini-enterprise\template-api-netcore\src\Service.Template.Application\Models\Response\Navigator.cs
FN:10,System.Int32 Service.Template.Application.Models.Response.Navigator::get_RecordCount()
FNDA:0,System.Int32 Service.Template.Application.Models.Response.Navigator::get_RecordCount()
DA:11,0
FN:11,System.Int32 Service.Template.Application.Models.Response.Navigator::get_PageNumber()
FNDA:0,System.Int32 Service.Template.Application.Models.Response.Navigator::get_PageNumber()
DA:12,0
FN:12,System.Int32 Service.Template.Application.Models.Response.Navigator::get_PageSize()
FNDA:0,System.Int32 Service.Template.Application.Models.Response.Navigator::get_PageSize()
DA:13,0
FN:13,System.Int32 Service.Template.Application.Models.Response.Navigator::get_PageCount()
FNDA:0,System.Int32 Service.Template.Application.Models.Response.Navigator::get_PageCount()
DA:14,0
FN:15,System.Void Service.Template.Application.Models.Response.Navigator::.ctor()
FNDA:0,System.Void Service.Template.Application.Models.Response.Navigator::.ctor()
DA:16,0
DA:17,0
DA:18,0
FN:19,System.Void Service.Template.Application.Models.Response.Navigator::.ctor(System.Int32,System.Int32,System.Int32,System.Int32)
FNDA:0,System.Void Service.Template.Application.Models.Response.Navigator::.ctor(System.Int32,System.Int32,System.Int32,System.Int32)
DA:20,0
DA:21,0
DA:22,0
DA:23,0
DA:24,0
DA:25,0
DA:26,0
LF:14
LH:0
BRF:0
BRH:0
FNF:6
FNH:0
end_of_record
SF:D:\GitHub\clodoaldo-zeferini-enterprise\template-api-netcore\src\Service.Template.Application\Models\Response\ResponseBase.cs
FN:8,System.Boolean Service.Template.Application.Models.Response.ResponseBase::get_Resultado()
FNDA:0,System.Boolean Service.Template.Application.Models.Response.ResponseBase::get_Resultado()
DA:9,0
FN:10,System.String Service.Template.Application.Models.Response.ResponseBase::get_Mensagem()
FNDA:0,System.String Service.Template.Application.Models.Response.ResponseBase::get_Mensagem()
DA:11,0
FN:11,System.Collections.Generic.List`1<Service.Template.Application.Models.Response.Mensagem> Service.Template.Application.Models.Response.ResponseBase::get_Mensagens()
FNDA:0,System.Collections.Generic.List`1<Service.Template.Application.Models.Response.Mensagem> Service.Template.Application.Models.Response.ResponseBase::get_Mensagens()
DA:12,0
FN:12,System.Collections.Generic.List`1<System.Exception> Service.Template.Application.Models.Response.ResponseBase::get_Exceptions()
FNDA:0,System.Collections.Generic.List`1<System.Exception> Service.Template.Application.Models.Response.ResponseBase::get_Exceptions()
DA:13,0
FN:13,System.Object Service.Template.Application.Models.Response.ResponseBase::get_Data()
FNDA:0,System.Object Service.Template.Application.Models.Response.ResponseBase::get_Data()
DA:14,0
FN:15,System.String Service.Template.Application.Models.Response.ResponseBase::get_Request()
FNDA:0,System.String Service.Template.Application.Models.Response.ResponseBase::get_Request()
DA:16,0
FN:17,Service.Template.Application.Models.Response.Errors.ErrorsResponse Service.Template.Application.Models.Response.ResponseBase::get_ErrorsResponse()
FNDA:0,Service.Template.Application.Models.Response.Errors.ErrorsResponse Service.Template.Application.Models.Response.ResponseBase::get_ErrorsResponse()
DA:18,0
FN:28,System.Void Service.Template.Application.Models.Response.ResponseBase::AddMensagem(System.String)
FNDA:0,System.Void Service.Template.Application.Models.Response.ResponseBase::AddMensagem(System.String)
DA:29,0
DA:30,0
DA:31,0
FN:33,System.Void Service.Template.Application.Models.Response.ResponseBase::AddExceptions(System.Exception)
FNDA:0,System.Void Service.Template.Application.Models.Response.ResponseBase::AddExceptions(System.Exception)
DA:34,0
DA:35,0
DA:36,0
FN:39,System.Void Service.Template.Application.Models.Response.ResponseBase::Dispose()
FNDA:0,System.Void Service.Template.Application.Models.Response.ResponseBase::Dispose()
DA:40,0
DA:41,0
DA:42,0
DA:43,0
FN:45,System.Void Service.Template.Application.Models.Response.ResponseBase::Dispose(System.Boolean)
FNDA:0,System.Void Service.Template.Application.Models.Response.ResponseBase::Dispose(System.Boolean)
DA:46,0
DA:48,0
FN:50,System.Void Service.Template.Application.Models.Response.ResponseBase::Finalize()
FNDA:0,System.Void Service.Template.Application.Models.Response.ResponseBase::Finalize()
DA:51,0
DA:52,0
DA:53,0
FN:19,System.Void Service.Template.Application.Models.Response.ResponseBase::.ctor()
FNDA:0,System.Void Service.Template.Application.Models.Response.ResponseBase::.ctor()
DA:20,0
DA:21,0
DA:22,0
DA:23,0
DA:24,0
DA:25,0
DA:26,0
LF:29
LH:0
BRF:0
BRH:0
FNF:13
FNH:0
end_of_record
SF:D:\GitHub\clodoaldo-zeferini-enterprise\template-api-netcore\src\Service.Template.Application\Models\Response\Template\TemplateResponse.cs
FN:6,System.Collections.Generic.List`1<Service.Template.Application.Models.Response.Navigator> Service.Template.Application.Models.Response.TemplateResponse::get_Navigators()
FNDA:0,System.Collections.Generic.List`1<Service.Template.Application.Models.Response.Navigator> Service.Template.Application.Models.Response.TemplateResponse::get_Navigators()
DA:7,0
FN:7,System.Collections.Generic.List`1<Service.Template.Application.Models.Template> Service.Template.Application.Models.Response.TemplateResponse::get_Templates()
FNDA:0,System.Collections.Generic.List`1<Service.Template.Application.Models.Template> Service.Template.Application.Models.Response.TemplateResponse::get_Templates()
DA:8,0
FN:9,System.Void Service.Template.Application.Models.Response.TemplateResponse::.ctor()
FNDA:0,System.Void Service.Template.Application.Models.Response.TemplateResponse::.ctor()
DA:10,0
DA:11,0
DA:12,0
DA:13,0
DA:14,0
FN:15,System.Void Service.Template.Application.Models.Response.TemplateResponse::.ctor(System.Collections.Generic.List`1<Service.Template.Application.Models.Response.Navigator>,System.Collections.Generic.List`1<Service.Template.Application.Models.Template>)
FNDA:0,System.Void Service.Template.Application.Models.Response.TemplateResponse::.ctor(System.Collections.Generic.List`1<Service.Template.Application.Models.Response.Navigator>,System.Collections.Generic.List`1<Service.Template.Application.Models.Template>)
DA:16,0
DA:17,0
DA:18,0
DA:19,0
DA:20,0
LF:12
LH:0
BRF:0
BRH:0
FNF:4
FNH:0
end_of_record
SF:D:\GitHub\clodoaldo-zeferini-enterprise\template-api-netcore\src\Service.Template.Application\Models\Response\Errors\ErrorResponse.cs
FN:10,System.String Service.Template.Application.Models.Response.Errors.ErrorResponse::get_Id()
FNDA:0,System.String Service.Template.Application.Models.Response.Errors.ErrorResponse::get_Id()
DA:11,0
FN:11,System.String Service.Template.Application.Models.Response.Errors.ErrorResponse::get_Parameter()
FNDA:0,System.String Service.Template.Application.Models.Response.Errors.ErrorResponse::get_Parameter()
DA:12,0
FN:12,System.String Service.Template.Application.Models.Response.Errors.ErrorResponse::get_Message()
FNDA:0,System.String Service.Template.Application.Models.Response.Errors.ErrorResponse::get_Message()
DA:13,0
FN:14,System.Void Service.Template.Application.Models.Response.Errors.ErrorResponse::.ctor()
FNDA:0,System.Void Service.Template.Application.Models.Response.Errors.ErrorResponse::.ctor()
DA:15,0
DA:16,0
DA:17,0
FN:18,System.Void Service.Template.Application.Models.Response.Errors.ErrorResponse::.ctor(System.String,System.String)
FNDA:0,System.Void Service.Template.Application.Models.Response.Errors.ErrorResponse::.ctor(System.String,System.String)
DA:19,0
DA:20,0
DA:21,0
DA:22,0
DA:23,0
FN:24,System.Void Service.Template.Application.Models.Response.Errors.ErrorResponse::.ctor(System.String,System.String,System.String)
FNDA:0,System.Void Service.Template.Application.Models.Response.Errors.ErrorResponse::.ctor(System.String,System.String,System.String)
DA:25,0
DA:26,0
DA:27,0
DA:28,0
LF:15
LH:0
BRF:0
BRH:0
FNF:6
FNH:0
end_of_record
SF:D:\GitHub\clodoaldo-zeferini-enterprise\template-api-netcore\src\Service.Template.Application\Models\Response\Errors\ErrorsResponse.cs
FN:10,System.Collections.Generic.List`1<Service.Template.Application.Models.Response.Errors.ErrorResponse> Service.Template.Application.Models.Response.Errors.ErrorsResponse::get_Errors()
FNDA:0,System.Collections.Generic.List`1<Service.Template.Application.Models.Response.Errors.ErrorResponse> Service.Template.Application.Models.Response.Errors.ErrorsResponse::get_Errors()
DA:11,0
FN:12,System.Void Service.Template.Application.Models.Response.Errors.ErrorsResponse::.ctor()
FNDA:0,System.Void Service.Template.Application.Models.Response.Errors.ErrorsResponse::.ctor()
DA:13,0
DA:14,0
DA:15,0
DA:16,0
FN:17,System.Void Service.Template.Application.Models.Response.Errors.ErrorsResponse::.ctor(System.Collections.Generic.List`1<Service.Template.Application.Models.Response.Errors.ErrorResponse>)
FNDA:0,System.Void Service.Template.Application.Models.Response.Errors.ErrorsResponse::.ctor(System.Collections.Generic.List`1<Service.Template.Application.Models.Response.Errors.ErrorResponse>)
DA:18,0
DA:19,0
DA:20,0
DA:21,0
LF:9
LH:0
BRF:0
BRH:0
FNF:3
FNH:0
end_of_record
SF:D:\GitHub\clodoaldo-zeferini-enterprise\template-api-netcore\src\Service.Template.Application\Models\Request\Template\DeleteTemplateRequest.cs
FN:7,System.Guid Service.Template.Application.Models.Request.DeleteTemplateRequest::get_Id()
FNDA:0,System.Guid Service.Template.Application.Models.Request.DeleteTemplateRequest::get_Id()
DA:8,0
FN:14,System.Boolean Service.Template.Application.Models.Request.DeleteTemplateRequest::get_IsValidTemplate()
FNDA:0,System.Boolean Service.Template.Application.Models.Request.DeleteTemplateRequest::get_IsValidTemplate()
DA:15,0
DA:16,0
DA:17,0
FN:20,System.Void Service.Template.Application.Models.Request.DeleteTemplateRequest::.ctor(System.Guid)
FNDA:0,System.Void Service.Template.Application.Models.Request.DeleteTemplateRequest::.ctor(System.Guid)
DA:21,0
DA:22,0
DA:23,0
DA:25,0
DA:26,0
BRDA:25,42,0,0
BRDA:25,42,1,0
LF:9
LH:0
BRF:2
BRH:0
FNF:3
FNH:0
end_of_record
SF:D:\GitHub\clodoaldo-zeferini-enterprise\template-api-netcore\src\Service.Template.Application\Models\Request\Template\GetTemplateRequest.cs
FN:9,System.Int32 Service.Template.Application.Models.Request.GetTemplateRequest::get_PageNumber()
FNDA:0,System.Int32 Service.Template.Application.Models.Request.GetTemplateRequest::get_PageNumber()
DA:10,0
FN:12,System.Int32 Service.Template.Application.Models.Request.GetTemplateRequest::get_PageSize()
FNDA:0,System.Int32 Service.Template.Application.Models.Request.GetTemplateRequest::get_PageSize()
DA:13,0
FN:13,System.Nullable`1<System.Guid> Service.Template.Application.Models.Request.GetTemplateRequest::get_Id()
FNDA:0,System.Nullable`1<System.Guid> Service.Template.Application.Models.Request.GetTemplateRequest::get_Id()
DA:14,0
FN:15,System.Boolean Service.Template.Application.Models.Request.GetTemplateRequest::get_FiltraNome()
FNDA:0,System.Boolean Service.Template.Application.Models.Request.GetTemplateRequest::get_FiltraNome()
DA:16,0
FN:16,System.String Service.Template.Application.Models.Request.GetTemplateRequest::get_FiltroNome()
FNDA:0,System.String Service.Template.Application.Models.Request.GetTemplateRequest::get_FiltroNome()
DA:17,0
FN:18,System.Boolean Service.Template.Application.Models.Request.GetTemplateRequest::get_FiltraDataInsert()
FNDA:0,System.Boolean Service.Template.Application.Models.Request.GetTemplateRequest::get_FiltraDataInsert()
DA:19,0
FN:19,System.Nullable`1<System.DateTime> Service.Template.Application.Models.Request.GetTemplateRequest::get_DataInicial()
FNDA:0,System.Nullable`1<System.DateTime> Service.Template.Application.Models.Request.GetTemplateRequest::get_DataInicial()
DA:20,0
FN:20,System.Nullable`1<System.DateTime> Service.Template.Application.Models.Request.GetTemplateRequest::get_DataFinal()
FNDA:0,System.Nullable`1<System.DateTime> Service.Template.Application.Models.Request.GetTemplateRequest::get_DataFinal()
DA:21,0
FN:22,System.Boolean Service.Template.Application.Models.Request.GetTemplateRequest::get_FiltraStatus()
FNDA:0,System.Boolean Service.Template.Application.Models.Request.GetTemplateRequest::get_FiltraStatus()
DA:23,0
FN:23,System.Int32 Service.Template.Application.Models.Request.GetTemplateRequest::get_Status()
FNDA:0,System.Int32 Service.Template.Application.Models.Request.GetTemplateRequest::get_Status()
DA:24,0
FN:25,System.Void Service.Template.Application.Models.Request.GetTemplateRequest::.ctor()
FNDA:0,System.Void Service.Template.Application.Models.Request.GetTemplateRequest::.ctor()
DA:26,0
DA:27,0
DA:28,0
FN:29,System.Void Service.Template.Application.Models.Request.GetTemplateRequest::.ctor(System.Guid)
FNDA:0,System.Void Service.Template.Application.Models.Request.GetTemplateRequest::.ctor(System.Guid)
DA:30,0
DA:31,0
DA:32,0
DA:33,0
FN:34,System.Void Service.Template.Application.Models.Request.GetTemplateRequest::.ctor(System.Int32,System.Int32)
FNDA:0,System.Void Service.Template.Application.Models.Request.GetTemplateRequest::.ctor(System.Int32,System.Int32)
DA:35,0
DA:36,0
DA:37,0
DA:38,0
DA:39,0
LF:22
LH:0
BRF:0
BRH:0
FNF:13
FNH:0
end_of_record
SF:D:\GitHub\clodoaldo-zeferini-enterprise\template-api-netcore\src\Service.Template.Application\Models\Request\Template\InsertTemplateRequest.cs
FN:12,System.Boolean Service.Template.Application.Models.Request.InsertTemplateRequest::get_IsValidTemplate()
FNDA:0,System.Boolean Service.Template.Application.Models.Request.InsertTemplateRequest::get_IsValidTemplate()
DA:13,0
DA:14,0
DA:15,0
DA:16,0
DA:17,0
BRDA:14,9,0,0
BRDA:14,9,1,0
FN:19,System.String Service.Template.Application.Models.Request.InsertTemplateRequest::get_Nome()
FNDA:0,System.String Service.Template.Application.Models.Request.InsertTemplateRequest::get_Nome()
DA:20,0
FN:21,System.Void Service.Template.Application.Models.Request.InsertTemplateRequest::.ctor(System.String)
FNDA:0,System.Void Service.Template.Application.Models.Request.InsertTemplateRequest::.ctor(System.String)
DA:22,0
DA:23,0
DA:24,0
DA:25,0
LF:10
LH:0
BRF:2
BRH:0
FNF:3
FNH:0
end_of_record
SF:D:\GitHub\clodoaldo-zeferini-enterprise\template-api-netcore\src\Service.Template.Application\Models\Request\Template\RequestBase.cs
FN:6,System.Guid Service.Template.Application.Models.Request.Template.RequestBase::get_SysUsuSessionId()
FNDA:0,System.Guid Service.Template.Application.Models.Request.Template.RequestBase::get_SysUsuSessionId()
DA:7,0
LF:1
LH:0
BRF:0
BRH:0
FNF:1
FNH:0
end_of_record
SF:D:\GitHub\clodoaldo-zeferini-enterprise\template-api-netcore\src\Service.Template.Application\Models\Request\Template\UpdateTemplateRequest.cs
FN:12,System.Boolean Service.Template.Application.Models.Request.Template.UpdateTemplateRequest::get_IsValidTemplate()
FNDA:0,System.Boolean Service.Template.Application.Models.Request.Template.UpdateTemplateRequest::get_IsValidTemplate()
DA:13,0
DA:14,0
DA:15,0
DA:16,0
DA:17,0
BRDA:14,7,0,0
BRDA:14,7,1,0
FN:19,System.Guid Service.Template.Application.Models.Request.Template.UpdateTemplateRequest::get_Id()
FNDA:0,System.Guid Service.Template.Application.Models.Request.Template.UpdateTemplateRequest::get_Id()
DA:20,0
FN:20,Service.Template.Domain.Enum.EStatus Service.Template.Application.Models.Request.Template.UpdateTemplateRequest::get_Status()
FNDA:0,Service.Template.Domain.Enum.EStatus Service.Template.Application.Models.Request.Template.UpdateTemplateRequest::get_Status()
DA:21,0
FN:21,System.String Service.Template.Application.Models.Request.Template.UpdateTemplateRequest::get_Name()
FNDA:0,System.String Service.Template.Application.Models.Request.Template.UpdateTemplateRequest::get_Name()
DA:22,0
FN:23,System.Void Service.Template.Application.Models.Request.Template.UpdateTemplateRequest::.ctor(System.Boolean,System.Guid,Service.Template.Domain.Enum.EStatus,System.String)
FNDA:0,System.Void Service.Template.Application.Models.Request.Template.UpdateTemplateRequest::.ctor(System.Boolean,System.Guid,Service.Template.Domain.Enum.EStatus,System.String)
DA:24,0
DA:25,0
DA:26,0
DA:27,0
DA:28,0
DA:29,0
DA:30,0
LF:15
LH:0
BRF:2
BRH:0
FNF:5
FNH:0
end_of_record
SF:D:\GitHub\clodoaldo-zeferini-enterprise\template-api-netcore\src\Service.Template.Application\Mappers\AutoMapperProfile.cs
FN:10,System.Void Service.Template.Application.Mappers.AutoMapperProfile::.ctor()
FNDA:0,System.Void Service.Template.Application.Mappers.AutoMapperProfile::.ctor()
DA:11,0
DA:12,0
DA:13,0
DA:14,0
DA:15,0
DA:17,0
DA:18,0
LF:7
LH:0
BRF:0
BRH:0
FNF:1
FNH:0
end_of_record
SF:D:\GitHub\clodoaldo-zeferini-enterprise\template-api-netcore\src\Service.Template.Domain\Base\Resource.cs
FN:4,System.Void ervice.Template.Domain.Base.Resource::.cctor()
FNDA:1,System.Void ervice.Template.Domain.Base.Resource::.cctor()
DA:5,1
DA:6,1
DA:7,1
DA:8,1
LF:4
LH:4
BRF:0
BRH:0
FNF:1
FNH:1
end_of_record
SF:D:\GitHub\clodoaldo-zeferini-enterprise\template-api-netcore\src\Service.Template.Domain\Entities\Navigator.cs
FN:4,System.Int32 Service.Template.Domain.Entities.Navigator::get_RecordCount()
FNDA:0,System.Int32 Service.Template.Domain.Entities.Navigator::get_RecordCount()
DA:5,0
FN:5,System.Int32 Service.Template.Domain.Entities.Navigator::get_PageNumber()
FNDA:0,System.Int32 Service.Template.Domain.Entities.Navigator::get_PageNumber()
DA:6,0
FN:6,System.Int32 Service.Template.Domain.Entities.Navigator::get_PageSize()
FNDA:0,System.Int32 Service.Template.Domain.Entities.Navigator::get_PageSize()
DA:7,0
FN:7,System.Int32 Service.Template.Domain.Entities.Navigator::get_PageCount()
FNDA:0,System.Int32 Service.Template.Domain.Entities.Navigator::get_PageCount()
DA:8,0
FN:9,System.Void Service.Template.Domain.Entities.Navigator::.ctor()
FNDA:0,System.Void Service.Template.Domain.Entities.Navigator::.ctor()
DA:10,0
DA:11,0
DA:12,0
FN:13,System.Void Service.Template.Domain.Entities.Navigator::.ctor(System.Int32,System.Int32,System.Int32,System.Int32)
FNDA:0,System.Void Service.Template.Domain.Entities.Navigator::.ctor(System.Int32,System.Int32,System.Int32,System.Int32)
DA:14,0
DA:15,0
DA:16,0
DA:17,0
DA:18,0
DA:19,0
DA:20,0
LF:14
LH:0
BRF:0
BRH:0
FNF:6
FNH:0
end_of_record
SF:D:\GitHub\clodoaldo-zeferini-enterprise\template-api-netcore\src\Service.Template.Domain\Entities\Template\Template.cs
FN:14,System.Void Service.Template.Domain.Entities.Template::Validate()
FNDA:2,System.Void Service.Template.Domain.Entities.Template::Validate()
DA:15,2
DA:16,2
DA:17,2
DA:19,2
DA:20,2
DA:21,2
DA:22,2
DA:23,2
DA:24,0
BRDA:19,89,0,0
BRDA:19,89,1,2
FN:25,System.String Service.Template.Domain.Entities.Template::get_Nome()
FNDA:4,System.String Service.Template.Domain.Entities.Template::get_Nome()
DA:26,4
FN:47,System.Void Service.Template.Domain.Entities.Template::AlterarNome(System.String)
FNDA:0,System.Void Service.Template.Domain.Entities.Template::AlterarNome(System.String)
DA:48,0
DA:49,0
DA:50,0
DA:51,0
DA:53,0
DA:54,0
BRDA:49,12,0,0
BRDA:49,12,1,0
FN:12,System.Void Service.Template.Domain.Entities.Template::.ctor()
FNDA:0,System.Void Service.Template.Domain.Entities.Template::.ctor()
DA:13,0
FN:27,System.Void Service.Template.Domain.Entities.Template::.ctor(System.Guid,System.String,Service.Template.Domain.Enum.EStatus,System.Guid)
FNDA:2,System.Void Service.Template.Domain.Entities.Template::.ctor(System.Guid,System.String,Service.Template.Domain.Enum.EStatus,System.Guid)
DA:28,2
DA:29,2
DA:30,2
DA:31,2
DA:32,2
DA:33,2
DA:35,2
DA:36,0
FN:37,System.Void Service.Template.Domain.Entities.Template::.ctor(System.Guid)
FNDA:0,System.Void Service.Template.Domain.Entities.Template::.ctor(System.Guid)
DA:38,0
DA:39,0
DA:40,0
DA:42,0
DA:44,0
DA:45,0
LF:31
LH:16
BRF:4
BRH:1
FNF:6
FNH:3
end_of_record
SF:D:\GitHub\clodoaldo-zeferini-enterprise\template-api-netcore\src\Service.Template.Domain\Base\Base.cs
FN:7,System.Guid Service.Template.Domain.Base.Base::get_Id()
FNDA:4,System.Guid Service.Template.Domain.Base.Base::get_Id()
DA:8,4
FN:8,Service.Template.Domain.Enum.EStatus Service.Template.Domain.Base.Base::get_Status()
FNDA:2,Service.Template.Domain.Enum.EStatus Service.Template.Domain.Base.Base::get_Status()
DA:9,2
FN:9,System.Nullable`1<System.DateTime> Service.Template.Domain.Base.Base::get_DataInsert()
FNDA:0,System.Nullable`1<System.DateTime> Service.Template.Domain.Base.Base::get_DataInsert()
DA:10,0
FN:10,System.Nullable`1<System.DateTime> Service.Template.Domain.Base.Base::get_DataUpdate()
FNDA:0,System.Nullable`1<System.DateTime> Service.Template.Domain.Base.Base::get_DataUpdate()
DA:11,0
FN:11,System.Guid Service.Template.Domain.Base.Base::get_SysUsuSessionId()
FNDA:4,System.Guid Service.Template.Domain.Base.Base::get_SysUsuSessionId()
DA:12,4
LF:5
LH:3
BRF:0
BRH:0
FNF:5
FNH:3
end_of_record
SF:D:\GitHub\clodoaldo-zeferini-enterprise\template-api-netcore\src\Service.Template.Domain\Base\DapperQuery.cs
FN:6,System.Guid Service.Template.Domain.Base.DapperQuery::get_SysUsuSessionId()
FNDA:0,System.Guid Service.Template.Domain.Base.DapperQuery::get_SysUsuSessionId()
DA:7,0
FN:7,System.String Service.Template.Domain.Base.DapperQuery::get_Query()
FNDA:0,System.String Service.Template.Domain.Base.DapperQuery::get_Query()
DA:8,0
FN:9,System.Void Service.Template.Domain.Base.DapperQuery::.ctor()
FNDA:0,System.Void Service.Template.Domain.Base.DapperQuery::.ctor()
DA:10,0
DA:11,0
DA:12,0
FN:13,System.Void Service.Template.Domain.Base.DapperQuery::.ctor(System.Guid,System.String)
FNDA:0,System.Void Service.Template.Domain.Base.DapperQuery::.ctor(System.Guid,System.String)
DA:14,0
DA:15,0
DA:16,0
DA:17,0
DA:18,0
LF:10
LH:0
BRF:0
BRH:0
FNF:4
FNH:0
end_of_record
SF:D:\GitHub\clodoaldo-zeferini-enterprise\template-api-netcore\src\Service.Template.Domain\Base\ValidadorDeRegra.cs
FN:16,Service.Template.Domain.Base.ValidadorDeRegra Service.Template.Domain.Base.ValidadorDeRegra::Novo()
FNDA:2,Service.Template.Domain.Base.ValidadorDeRegra Service.Template.Domain.Base.ValidadorDeRegra::Novo()
DA:17,2
DA:18,2
DA:19,2
FN:21,Service.Template.Domain.Base.ValidadorDeRegra Service.Template.Domain.Base.ValidadorDeRegra::Quando(System.Boolean,System.String)
FNDA:6,Service.Template.Domain.Base.ValidadorDeRegra Service.Template.Domain.Base.ValidadorDeRegra::Quando(System.Boolean,System.String)
DA:22,6
DA:23,6
DA:24,2
DA:26,6
DA:27,6
BRDA:23,4,0,2
BRDA:23,4,1,6
FN:29,System.Void Service.Template.Domain.Base.ValidadorDeRegra::DispararExcecaoSeExistir()
FNDA:2,System.Void Service.Template.Domain.Base.ValidadorDeRegra::DispararExcecaoSeExistir()
DA:30,2
DA:31,2
DA:32,2
DA:33,0
BRDA:31,14,0,2
BRDA:31,14,1,0
FN:10,System.Void Service.Template.Domain.Base.ValidadorDeRegra::.ctor()
FNDA:2,System.Void Service.Template.Domain.Base.ValidadorDeRegra::.ctor()
DA:11,2
DA:12,2
DA:13,2
DA:14,2
FN:37,System.Collections.Generic.List`1<System.String> Service.Template.Domain.Base.ExcecaoDeDominio::get_MensagensDeErro()
FNDA:4,System.Collections.Generic.List`1<System.String> Service.Template.Domain.Base.ExcecaoDeDominio::get_MensagensDeErro()
DA:38,4
FN:39,System.Void Service.Template.Domain.Base.ExcecaoDeDominio::.ctor(System.Collections.Generic.List`1<System.String>)
FNDA:2,System.Void Service.Template.Domain.Base.ExcecaoDeDominio::.ctor(System.Collections.Generic.List`1<System.String>)
DA:40,2
DA:41,2
DA:42,2
DA:43,2
LF:21
LH:20
BRF:4
BRH:3
FNF:6
FNH:6
end_of_record