<?xml version="1.0" encoding="utf-8"?>
<coverage line-rate="0.0723" branch-rate="0.0625" version="1.9" timestamp="1675397694" lines-covered="43" lines-valid="594" branches-covered="4" branches-valid="64">
  <sources>
    <source>D:\GitHub\clodoaldo-zeferini-enterprise\template-api-netcore\src\</source>
  </sources>
  <packages>
    <package name="Service.Template.Application" line-rate="0" branch-rate="0" complexity="141">
      <classes>
        <class name="Service.Template.Application.UseCases.Template.DeleteTemplateUseCaseAsync" filename="Service.Template.Application\UseCases\Template\DeleteTemplateUseCaseAsync.cs" line-rate="0" branch-rate="1" complexity="4">
          <methods>
            <method name="Dispose" signature="()" line-rate="0" branch-rate="1" complexity="1">
              <lines>
                <line number="79" hits="0" branch="False" />
                <line number="80" hits="0" branch="False" />
                <line number="81" hits="0" branch="False" />
                <line number="82" hits="0" branch="False" />
              </lines>
            </method>
            <method name="Dispose" signature="(System.Boolean)" line-rate="0" branch-rate="1" complexity="1">
              <lines>
                <line number="85" hits="0" branch="False" />
                <line number="86" hits="0" branch="False" />
                <line number="87" hits="0" branch="False" />
                <line number="88" hits="0" branch="False" />
                <line number="89" hits="0" branch="False" />
              </lines>
            </method>
            <method name="Finalize" signature="()" line-rate="0" branch-rate="1" complexity="1">
              <lines>
                <line number="92" hits="0" branch="False" />
                <line number="93" hits="0" branch="False" />
                <line number="94" hits="0" branch="False" />
              </lines>
            </method>
            <method name=".ctor" signature="(AutoMapper.IMapper,Service.Template.Application.Interfaces.IUseCaseAsync`2&lt;Service.Template.Application.Models.Request.GetTemplateRequest,Service.Template.Application.Models.Response.TemplateOutResponse&gt;,Service.Template.Domain.Interfaces.Repositories.DB.ITemplateRepository)" line-rate="0" branch-rate="1" complexity="1">
              <lines>
                <line number="20" hits="0" branch="False" />
                <line number="21" hits="0" branch="False" />
                <line number="22" hits="0" branch="False" />
                <line number="23" hits="0" branch="False" />
                <line number="24" hits="0" branch="False" />
                <line number="25" hits="0" branch="False" />
                <line number="26" hits="0" branch="False" />
                <line number="27" hits="0" branch="False" />
                <line number="28" hits="0" branch="False" />
                <line number="30" hits="0" branch="False" />
                <line number="31" hits="0" branch="False" />
                <line number="32" hits="0" branch="False" />
                <line number="33" hits="0" branch="False" />
                <line number="34" hits="0" branch="False" />
                <line number="35" hits="0" branch="False" />
              </lines>
            </method>
          </methods>
          <lines>
            <line number="79" hits="0" branch="False" />
            <line number="80" hits="0" branch="False" />
            <line number="81" hits="0" branch="False" />
            <line number="82" hits="0" branch="False" />
            <line number="85" hits="0" branch="False" />
            <line number="86" hits="0" branch="False" />
            <line number="87" hits="0" branch="False" />
            <line number="88" hits="0" branch="False" />
            <line number="89" hits="0" branch="False" />
            <line number="92" hits="0" branch="False" />
            <line number="93" hits="0" branch="False" />
            <line number="94" hits="0" branch="False" />
            <line number="20" hits="0" branch="False" />
            <line number="21" hits="0" branch="False" />
            <line number="22" hits="0" branch="False" />
            <line number="23" hits="0" branch="False" />
            <line number="24" hits="0" branch="False" />
            <line number="25" hits="0" branch="False" />
            <line number="26" hits="0" branch="False" />
            <line number="27" hits="0" branch="False" />
            <line number="28" hits="0" branch="False" />
            <line number="30" hits="0" branch="False" />
            <line number="31" hits="0" branch="False" />
            <line number="32" hits="0" branch="False" />
            <line number="33" hits="0" branch="False" />
            <line number="34" hits="0" branch="False" />
            <line number="35" hits="0" branch="False" />
          </lines>
        </class>
        <class name="Service.Template.Application.UseCases.Template.DeleteTemplateUseCaseAsync/&lt;ExecuteAsync&gt;d__5" filename="Service.Template.Application\UseCases\Template\DeleteTemplateUseCaseAsync.cs" line-rate="0" branch-rate="0" complexity="4">
          <methods>
            <method name="MoveNext" signature="()" line-rate="0" branch-rate="0" complexity="4">
              <lines>
                <line number="38" hits="0" branch="False" />
                <line number="39" hits="0" branch="True" condition-coverage="0% (0/2)">
                  <conditions>
                    <condition number="31" type="jump" coverage="0%" />
                  </conditions>
                </line>
                <line number="40" hits="0" branch="False" />
                <line number="41" hits="0" branch="False" />
                <line number="42" hits="0" branch="False" />
                <line number="43" hits="0" branch="False" />
                <line number="47" hits="0" branch="False" />
                <line number="48" hits="0" branch="False" />
                <line number="50" hits="0" branch="False" />
                <line number="52" hits="0" branch="True" condition-coverage="0% (0/2)">
                  <conditions>
                    <condition number="320" type="jump" coverage="0%" />
                  </conditions>
                </line>
                <line number="53" hits="0" branch="False" />
                <line number="54" hits="0" branch="False" />
                <line number="55" hits="0" branch="False" />
                <line number="56" hits="0" branch="False" />
                <line number="57" hits="0" branch="False" />
                <line number="58" hits="0" branch="False" />
                <line number="59" hits="0" branch="False" />
                <line number="60" hits="0" branch="False" />
                <line number="61" hits="0" branch="False" />
                <line number="63" hits="0" branch="False" />
                <line number="64" hits="0" branch="False" />
                <line number="65" hits="0" branch="False" />
                <line number="66" hits="0" branch="False" />
                <line number="68" hits="0" branch="False" />
                <line number="69" hits="0" branch="False" />
                <line number="72" hits="0" branch="False" />
                <line number="74" hits="0" branch="False" />
                <line number="75" hits="0" branch="False" />
              </lines>
            </method>
          </methods>
          <lines>
            <line number="38" hits="0" branch="False" />
            <line number="39" hits="0" branch="True" condition-coverage="0% (0/2)">
              <conditions>
                <condition number="31" type="jump" coverage="0%" />
              </conditions>
            </line>
            <line number="40" hits="0" branch="False" />
            <line number="41" hits="0" branch="False" />
            <line number="42" hits="0" branch="False" />
            <line number="43" hits="0" branch="False" />
            <line number="47" hits="0" branch="False" />
            <line number="48" hits="0" branch="False" />
            <line number="50" hits="0" branch="False" />
            <line number="52" hits="0" branch="True" condition-coverage="0% (0/2)">
              <conditions>
                <condition number="320" type="jump" coverage="0%" />
              </conditions>
            </line>
            <line number="53" hits="0" branch="False" />
            <line number="54" hits="0" branch="False" />
            <line number="55" hits="0" branch="False" />
            <line number="56" hits="0" branch="False" />
            <line number="57" hits="0" branch="False" />
            <line number="58" hits="0" branch="False" />
            <line number="59" hits="0" branch="False" />
            <line number="60" hits="0" branch="False" />
            <line number="61" hits="0" branch="False" />
            <line number="63" hits="0" branch="False" />
            <line number="64" hits="0" branch="False" />
            <line number="65" hits="0" branch="False" />
            <line number="66" hits="0" branch="False" />
            <line number="68" hits="0" branch="False" />
            <line number="69" hits="0" branch="False" />
            <line number="72" hits="0" branch="False" />
            <line number="74" hits="0" branch="False" />
            <line number="75" hits="0" branch="False" />
          </lines>
        </class>
        <class name="Service.Template.Application.UseCases.Template.GetTemplateUseCaseAsync" filename="Service.Template.Application\UseCases\Template\GetTemplateUseCaseAsync.cs" line-rate="0" branch-rate="1" complexity="4">
          <methods>
            <method name="Dispose" signature="()" line-rate="0" branch-rate="1" complexity="1">
              <lines>
                <line number="206" hits="0" branch="False" />
                <line number="207" hits="0" branch="False" />
                <line number="208" hits="0" branch="False" />
                <line number="209" hits="0" branch="False" />
              </lines>
            </method>
            <method name="Dispose" signature="(System.Boolean)" line-rate="0" branch-rate="1" complexity="1">
              <lines>
                <line number="212" hits="0" branch="False" />
                <line number="213" hits="0" branch="False" />
                <line number="214" hits="0" branch="False" />
              </lines>
            </method>
            <method name="Finalize" signature="()" line-rate="0" branch-rate="1" complexity="1">
              <lines>
                <line number="217" hits="0" branch="False" />
                <line number="218" hits="0" branch="False" />
                <line number="219" hits="0" branch="False" />
              </lines>
            </method>
            <method name=".ctor" signature="(Microsoft.Extensions.Configuration.IConfiguration,Service.Template.Domain.Interfaces.Repositories.DB.ITemplateRepository)" line-rate="0" branch-rate="1" complexity="1">
              <lines>
                <line number="22" hits="0" branch="False" />
                <line number="23" hits="0" branch="False" />
                <line number="24" hits="0" branch="False" />
                <line number="25" hits="0" branch="False" />
                <line number="26" hits="0" branch="False" />
                <line number="28" hits="0" branch="False" />
                <line number="29" hits="0" branch="False" />
                <line number="30" hits="0" branch="False" />
                <line number="31" hits="0" branch="False" />
                <line number="32" hits="0" branch="False" />
                <line number="33" hits="0" branch="False" />
              </lines>
            </method>
          </methods>
          <lines>
            <line number="206" hits="0" branch="False" />
            <line number="207" hits="0" branch="False" />
            <line number="208" hits="0" branch="False" />
            <line number="209" hits="0" branch="False" />
            <line number="212" hits="0" branch="False" />
            <line number="213" hits="0" branch="False" />
            <line number="214" hits="0" branch="False" />
            <line number="217" hits="0" branch="False" />
            <line number="218" hits="0" branch="False" />
            <line number="219" hits="0" branch="False" />
            <line number="22" hits="0" branch="False" />
            <line number="23" hits="0" branch="False" />
            <line number="24" hits="0" branch="False" />
            <line number="25" hits="0" branch="False" />
            <line number="26" hits="0" branch="False" />
            <line number="28" hits="0" branch="False" />
            <line number="29" hits="0" branch="False" />
            <line number="30" hits="0" branch="False" />
            <line number="31" hits="0" branch="False" />
            <line number="32" hits="0" branch="False" />
            <line number="33" hits="0" branch="False" />
          </lines>
        </class>
        <class name="Service.Template.Application.UseCases.Template.GetTemplateUseCaseAsync/&lt;&gt;c" filename="Service.Template.Application\UseCases\Template\GetTemplateUseCaseAsync.cs" line-rate="0" branch-rate="1" complexity="2">
          <methods>
            <method name="&lt;ExecuteAsync&gt;b__3_0" signature="(Dapper.SqlMapper/GridReader)" line-rate="0" branch-rate="1" complexity="1">
              <lines>
                <line number="150" hits="0" branch="False" />
              </lines>
            </method>
            <method name="&lt;ExecuteAsync&gt;b__3_1" signature="(Dapper.SqlMapper/GridReader)" line-rate="0" branch-rate="1" complexity="1">
              <lines>
                <line number="151" hits="0" branch="False" />
              </lines>
            </method>
          </methods>
          <lines>
            <line number="150" hits="0" branch="False" />
            <line number="151" hits="0" branch="False" />
          </lines>
        </class>
        <class name="Service.Template.Application.UseCases.Template.GetTemplateUseCaseAsync/&lt;ExecuteAsync&gt;d__3" filename="Service.Template.Application\UseCases\Template\GetTemplateUseCaseAsync.cs" line-rate="0" branch-rate="0" complexity="36">
          <methods>
            <method name="MoveNext" signature="()" line-rate="0" branch-rate="0" complexity="36">
              <lines>
                <line number="36" hits="0" branch="False" />
                <line number="38" hits="0" branch="False" />
                <line number="39" hits="0" branch="True" condition-coverage="0% (0/2)">
                  <conditions>
                    <condition number="45" type="jump" coverage="0%" />
                  </conditions>
                </line>
                <line number="40" hits="0" branch="False" />
                <line number="41" hits="0" branch="False" />
                <line number="43" hits="0" branch="False" />
                <line number="44" hits="0" branch="False" />
                <line number="45" hits="0" branch="False" />
                <line number="46" hits="0" branch="False" />
                <line number="48" hits="0" branch="False" />
                <line number="50" hits="0" branch="False" />
                <line number="51" hits="0" branch="False" />
                <line number="53" hits="0" branch="False" />
                <line number="54" hits="0" branch="False" />
                <line number="56" hits="0" branch="True" condition-coverage="0% (0/2)">
                  <conditions>
                    <condition number="346" type="jump" coverage="0%" />
                  </conditions>
                </line>
                <line number="57" hits="0" branch="True" condition-coverage="0% (0/2)">
                  <conditions>
                    <condition number="384" type="jump" coverage="0%" />
                  </conditions>
                </line>
                <line number="59" hits="0" branch="False" />
                <line number="61" hits="0" branch="False" />
                <line number="62" hits="0" branch="True" condition-coverage="0% (0/6)">
                  <conditions>
                    <condition number="434" type="jump" coverage="0%" />
                    <condition number="447" type="jump" coverage="0%" />
                    <condition number="483" type="jump" coverage="0%" />
                  </conditions>
                </line>
                <line number="63" hits="0" branch="False" />
                <line number="64" hits="0" branch="False" />
                <line number="65" hits="0" branch="False" />
                <line number="67" hits="0" branch="False" />
                <line number="68" hits="0" branch="True" condition-coverage="0% (0/6)">
                  <conditions>
                    <condition number="541" type="jump" coverage="0%" />
                    <condition number="563" type="jump" coverage="0%" />
                    <condition number="595" type="jump" coverage="0%" />
                  </conditions>
                </line>
                <line number="69" hits="0" branch="False" />
                <line number="72" hits="0" branch="True" condition-coverage="0% (0/4)">
                  <conditions>
                    <condition number="642" type="jump" coverage="0%" />
                    <condition number="670" type="jump" coverage="0%" />
                  </conditions>
                </line>
                <line number="73" hits="0" branch="False" />
                <line number="74" hits="0" branch="False" />
                <line number="75" hits="0" branch="False" />
                <line number="76" hits="0" branch="False" />
                <line number="77" hits="0" branch="False" />
                <line number="79" hits="0" branch="False" />
                <line number="81" hits="0" branch="False" />
                <line number="83" hits="0" branch="True" condition-coverage="0% (0/4)">
                  <conditions>
                    <condition number="974" type="jump" coverage="0%" />
                    <condition number="1042" type="jump" coverage="0%" />
                  </conditions>
                </line>
                <line number="84" hits="0" branch="False" />
                <line number="85" hits="0" branch="False" />
                <line number="86" hits="0" branch="False" />
                <line number="87" hits="0" branch="False" />
                <line number="88" hits="0" branch="False" />
                <line number="89" hits="0" branch="False" />
                <line number="90" hits="0" branch="False" />
                <line number="92" hits="0" branch="False" />
                <line number="93" hits="0" branch="False" />
                <line number="94" hits="0" branch="False" />
                <line number="95" hits="0" branch="False" />
                <line number="96" hits="0" branch="False" />
                <line number="97" hits="0" branch="False" />
                <line number="98" hits="0" branch="False" />
                <line number="99" hits="0" branch="False" />
                <line number="100" hits="0" branch="False" />
                <line number="101" hits="0" branch="False" />
                <line number="102" hits="0" branch="False" />
                <line number="103" hits="0" branch="False" />
                <line number="104" hits="0" branch="False" />
                <line number="105" hits="0" branch="False" />
                <line number="106" hits="0" branch="False" />
                <line number="107" hits="0" branch="False" />
                <line number="108" hits="0" branch="False" />
                <line number="109" hits="0" branch="False" />
                <line number="110" hits="0" branch="False" />
                <line number="111" hits="0" branch="False" />
                <line number="112" hits="0" branch="False" />
                <line number="113" hits="0" branch="False" />
                <line number="114" hits="0" branch="False" />
                <line number="115" hits="0" branch="False" />
                <line number="116" hits="0" branch="False" />
                <line number="117" hits="0" branch="False" />
                <line number="118" hits="0" branch="False" />
                <line number="119" hits="0" branch="False" />
                <line number="120" hits="0" branch="False" />
                <line number="121" hits="0" branch="False" />
                <line number="122" hits="0" branch="False" />
                <line number="123" hits="0" branch="False" />
                <line number="124" hits="0" branch="False" />
                <line number="125" hits="0" branch="False" />
                <line number="126" hits="0" branch="False" />
                <line number="127" hits="0" branch="False" />
                <line number="128" hits="0" branch="False" />
                <line number="129" hits="0" branch="False" />
                <line number="130" hits="0" branch="False" />
                <line number="131" hits="0" branch="False" />
                <line number="132" hits="0" branch="False" />
                <line number="133" hits="0" branch="False" />
                <line number="134" hits="0" branch="False" />
                <line number="135" hits="0" branch="False" />
                <line number="136" hits="0" branch="False" />
                <line number="137" hits="0" branch="False" />
                <line number="138" hits="0" branch="False" />
                <line number="139" hits="0" branch="False" />
                <line number="140" hits="0" branch="False" />
                <line number="141" hits="0" branch="False" />
                <line number="142" hits="0" branch="False" />
                <line number="143" hits="0" branch="False" />
                <line number="144" hits="0" branch="False" />
                <line number="145" hits="0" branch="False" />
                <line number="146" hits="0" branch="False" />
                <line number="147" hits="0" branch="False" />
                <line number="149" hits="0" branch="False" />
                <line number="152" hits="0" branch="False" />
                <line number="153" hits="0" branch="False" />
                <line number="155" hits="0" branch="False" />
                <line number="156" hits="0" branch="False" />
                <line number="158" hits="0" branch="False" />
                <line number="160" hits="0" branch="True" condition-coverage="0% (0/2)">
                  <conditions>
                    <condition number="1571" type="jump" coverage="0%" />
                  </conditions>
                </line>
                <line number="161" hits="0" branch="False" />
                <line number="162" hits="0" branch="False" />
                <line number="163" hits="0" branch="False" />
                <line number="165" hits="0" branch="True" condition-coverage="0% (0/2)">
                  <conditions>
                    <condition number="1806" type="jump" coverage="0%" />
                  </conditions>
                </line>
                <line number="166" hits="0" branch="False" />
                <line number="167" hits="0" branch="True" condition-coverage="0% (0/2)">
                  <conditions>
                    <condition number="1737" type="jump" coverage="0%" />
                  </conditions>
                </line>
                <line number="168" hits="0" branch="False" />
                <line number="169" hits="0" branch="False" />
                <line number="171" hits="0" branch="True" condition-coverage="0% (0/4)">
                  <conditions>
                    <condition number="1856" type="jump" coverage="0%" />
                    <condition number="1876" type="jump" coverage="0%" />
                  </conditions>
                </line>
                <line number="172" hits="0" branch="False" />
                <line number="173" hits="0" branch="False" />
                <line number="174" hits="0" branch="False" />
                <line number="175" hits="0" branch="False" />
                <line number="176" hits="0" branch="False" />
                <line number="178" hits="0" branch="False" />
                <line number="179" hits="0" branch="False" />
                <line number="180" hits="0" branch="False" />
                <line number="181" hits="0" branch="False" />
                <line number="183" hits="0" branch="False" />
                <line number="186" hits="0" branch="False" />
                <line number="187" hits="0" branch="False" />
                <line number="188" hits="0" branch="False" />
                <line number="189" hits="0" branch="False" />
                <line number="190" hits="0" branch="False" />
                <line number="191" hits="0" branch="False" />
                <line number="192" hits="0" branch="False" />
                <line number="193" hits="0" branch="False" />
                <line number="194" hits="0" branch="False" />
                <line number="195" hits="0" branch="False" />
                <line number="197" hits="0" branch="False" />
                <line number="198" hits="0" branch="False" />
                <line number="199" hits="0" branch="False" />
                <line number="201" hits="0" branch="False" />
                <line number="202" hits="0" branch="False" />
              </lines>
            </method>
          </methods>
          <lines>
            <line number="36" hits="0" branch="False" />
            <line number="38" hits="0" branch="False" />
            <line number="39" hits="0" branch="True" condition-coverage="0% (0/2)">
              <conditions>
                <condition number="45" type="jump" coverage="0%" />
              </conditions>
            </line>
            <line number="40" hits="0" branch="False" />
            <line number="41" hits="0" branch="False" />
            <line number="43" hits="0" branch="False" />
            <line number="44" hits="0" branch="False" />
            <line number="45" hits="0" branch="False" />
            <line number="46" hits="0" branch="False" />
            <line number="48" hits="0" branch="False" />
            <line number="50" hits="0" branch="False" />
            <line number="51" hits="0" branch="False" />
            <line number="53" hits="0" branch="False" />
            <line number="54" hits="0" branch="False" />
            <line number="56" hits="0" branch="True" condition-coverage="0% (0/2)">
              <conditions>
                <condition number="346" type="jump" coverage="0%" />
              </conditions>
            </line>
            <line number="57" hits="0" branch="True" condition-coverage="0% (0/2)">
              <conditions>
                <condition number="384" type="jump" coverage="0%" />
              </conditions>
            </line>
            <line number="59" hits="0" branch="False" />
            <line number="61" hits="0" branch="False" />
            <line number="62" hits="0" branch="True" condition-coverage="0% (0/6)">
              <conditions>
                <condition number="434" type="jump" coverage="0%" />
                <condition number="447" type="jump" coverage="0%" />
                <condition number="483" type="jump" coverage="0%" />
              </conditions>
            </line>
            <line number="63" hits="0" branch="False" />
            <line number="64" hits="0" branch="False" />
            <line number="65" hits="0" branch="False" />
            <line number="67" hits="0" branch="False" />
            <line number="68" hits="0" branch="True" condition-coverage="0% (0/6)">
              <conditions>
                <condition number="541" type="jump" coverage="0%" />
                <condition number="563" type="jump" coverage="0%" />
                <condition number="595" type="jump" coverage="0%" />
              </conditions>
            </line>
            <line number="69" hits="0" branch="False" />
            <line number="72" hits="0" branch="True" condition-coverage="0% (0/4)">
              <conditions>
                <condition number="642" type="jump" coverage="0%" />
                <condition number="670" type="jump" coverage="0%" />
              </conditions>
            </line>
            <line number="73" hits="0" branch="False" />
            <line number="74" hits="0" branch="False" />
            <line number="75" hits="0" branch="False" />
            <line number="76" hits="0" branch="False" />
            <line number="77" hits="0" branch="False" />
            <line number="79" hits="0" branch="False" />
            <line number="81" hits="0" branch="False" />
            <line number="83" hits="0" branch="True" condition-coverage="0% (0/4)">
              <conditions>
                <condition number="974" type="jump" coverage="0%" />
                <condition number="1042" type="jump" coverage="0%" />
              </conditions>
            </line>
            <line number="84" hits="0" branch="False" />
            <line number="85" hits="0" branch="False" />
            <line number="86" hits="0" branch="False" />
            <line number="87" hits="0" branch="False" />
            <line number="88" hits="0" branch="False" />
            <line number="89" hits="0" branch="False" />
            <line number="90" hits="0" branch="False" />
            <line number="92" hits="0" branch="False" />
            <line number="93" hits="0" branch="False" />
            <line number="94" hits="0" branch="False" />
            <line number="95" hits="0" branch="False" />
            <line number="96" hits="0" branch="False" />
            <line number="97" hits="0" branch="False" />
            <line number="98" hits="0" branch="False" />
            <line number="99" hits="0" branch="False" />
            <line number="100" hits="0" branch="False" />
            <line number="101" hits="0" branch="False" />
            <line number="102" hits="0" branch="False" />
            <line number="103" hits="0" branch="False" />
            <line number="104" hits="0" branch="False" />
            <line number="105" hits="0" branch="False" />
            <line number="106" hits="0" branch="False" />
            <line number="107" hits="0" branch="False" />
            <line number="108" hits="0" branch="False" />
            <line number="109" hits="0" branch="False" />
            <line number="110" hits="0" branch="False" />
            <line number="111" hits="0" branch="False" />
            <line number="112" hits="0" branch="False" />
            <line number="113" hits="0" branch="False" />
            <line number="114" hits="0" branch="False" />
            <line number="115" hits="0" branch="False" />
            <line number="116" hits="0" branch="False" />
            <line number="117" hits="0" branch="False" />
            <line number="118" hits="0" branch="False" />
            <line number="119" hits="0" branch="False" />
            <line number="120" hits="0" branch="False" />
            <line number="121" hits="0" branch="False" />
            <line number="122" hits="0" branch="False" />
            <line number="123" hits="0" branch="False" />
            <line number="124" hits="0" branch="False" />
            <line number="125" hits="0" branch="False" />
            <line number="126" hits="0" branch="False" />
            <line number="127" hits="0" branch="False" />
            <line number="128" hits="0" branch="False" />
            <line number="129" hits="0" branch="False" />
            <line number="130" hits="0" branch="False" />
            <line number="131" hits="0" branch="False" />
            <line number="132" hits="0" branch="False" />
            <line number="133" hits="0" branch="False" />
            <line number="134" hits="0" branch="False" />
            <line number="135" hits="0" branch="False" />
            <line number="136" hits="0" branch="False" />
            <line number="137" hits="0" branch="False" />
            <line number="138" hits="0" branch="False" />
            <line number="139" hits="0" branch="False" />
            <line number="140" hits="0" branch="False" />
            <line number="141" hits="0" branch="False" />
            <line number="142" hits="0" branch="False" />
            <line number="143" hits="0" branch="False" />
            <line number="144" hits="0" branch="False" />
            <line number="145" hits="0" branch="False" />
            <line number="146" hits="0" branch="False" />
            <line number="147" hits="0" branch="False" />
            <line number="149" hits="0" branch="False" />
            <line number="152" hits="0" branch="False" />
            <line number="153" hits="0" branch="False" />
            <line number="155" hits="0" branch="False" />
            <line number="156" hits="0" branch="False" />
            <line number="158" hits="0" branch="False" />
            <line number="160" hits="0" branch="True" condition-coverage="0% (0/2)">
              <conditions>
                <condition number="1571" type="jump" coverage="0%" />
              </conditions>
            </line>
            <line number="161" hits="0" branch="False" />
            <line number="162" hits="0" branch="False" />
            <line number="163" hits="0" branch="False" />
            <line number="165" hits="0" branch="True" condition-coverage="0% (0/2)">
              <conditions>
                <condition number="1806" type="jump" coverage="0%" />
              </conditions>
            </line>
            <line number="166" hits="0" branch="False" />
            <line number="167" hits="0" branch="True" condition-coverage="0% (0/2)">
              <conditions>
                <condition number="1737" type="jump" coverage="0%" />
              </conditions>
            </line>
            <line number="168" hits="0" branch="False" />
            <line number="169" hits="0" branch="False" />
            <line number="171" hits="0" branch="True" condition-coverage="0% (0/4)">
              <conditions>
                <condition number="1856" type="jump" coverage="0%" />
                <condition number="1876" type="jump" coverage="0%" />
              </conditions>
            </line>
            <line number="172" hits="0" branch="False" />
            <line number="173" hits="0" branch="False" />
            <line number="174" hits="0" branch="False" />
            <line number="175" hits="0" branch="False" />
            <line number="176" hits="0" branch="False" />
            <line number="178" hits="0" branch="False" />
            <line number="179" hits="0" branch="False" />
            <line number="180" hits="0" branch="False" />
            <line number="181" hits="0" branch="False" />
            <line number="183" hits="0" branch="False" />
            <line number="186" hits="0" branch="False" />
            <line number="187" hits="0" branch="False" />
            <line number="188" hits="0" branch="False" />
            <line number="189" hits="0" branch="False" />
            <line number="190" hits="0" branch="False" />
            <line number="191" hits="0" branch="False" />
            <line number="192" hits="0" branch="False" />
            <line number="193" hits="0" branch="False" />
            <line number="194" hits="0" branch="False" />
            <line number="195" hits="0" branch="False" />
            <line number="197" hits="0" branch="False" />
            <line number="198" hits="0" branch="False" />
            <line number="199" hits="0" branch="False" />
            <line number="201" hits="0" branch="False" />
            <line number="202" hits="0" branch="False" />
          </lines>
        </class>
        <class name="Service.Template.Application.UseCases.Template.InsertTemplateUseCaseAsync" filename="Service.Template.Application\UseCases\Template\InsertTemplateUseCaseAsync.cs" line-rate="0" branch-rate="1" complexity="4">
          <methods>
            <method name="Dispose" signature="()" line-rate="0" branch-rate="1" complexity="1">
              <lines>
                <line number="82" hits="0" branch="False" />
                <line number="83" hits="0" branch="False" />
                <line number="84" hits="0" branch="False" />
                <line number="85" hits="0" branch="False" />
              </lines>
            </method>
            <method name="Dispose" signature="(System.Boolean)" line-rate="0" branch-rate="1" complexity="1">
              <lines>
                <line number="88" hits="0" branch="False" />
                <line number="89" hits="0" branch="False" />
                <line number="90" hits="0" branch="False" />
                <line number="91" hits="0" branch="False" />
              </lines>
            </method>
            <method name="Finalize" signature="()" line-rate="0" branch-rate="1" complexity="1">
              <lines>
                <line number="94" hits="0" branch="False" />
                <line number="95" hits="0" branch="False" />
                <line number="96" hits="0" branch="False" />
              </lines>
            </method>
            <method name=".ctor" signature="(AutoMapper.IMapper,Service.Template.Domain.Interfaces.Repositories.DB.ITemplateRepository)" line-rate="0" branch-rate="1" complexity="1">
              <lines>
                <line number="21" hits="0" branch="False" />
                <line number="22" hits="0" branch="False" />
                <line number="23" hits="0" branch="False" />
                <line number="24" hits="0" branch="False" />
                <line number="25" hits="0" branch="False" />
                <line number="26" hits="0" branch="False" />
                <line number="27" hits="0" branch="False" />
                <line number="29" hits="0" branch="False" />
                <line number="30" hits="0" branch="False" />
                <line number="31" hits="0" branch="False" />
                <line number="32" hits="0" branch="False" />
                <line number="33" hits="0" branch="False" />
                <line number="34" hits="0" branch="False" />
              </lines>
            </method>
          </methods>
          <lines>
            <line number="82" hits="0" branch="False" />
            <line number="83" hits="0" branch="False" />
            <line number="84" hits="0" branch="False" />
            <line number="85" hits="0" branch="False" />
            <line number="88" hits="0" branch="False" />
            <line number="89" hits="0" branch="False" />
            <line number="90" hits="0" branch="False" />
            <line number="91" hits="0" branch="False" />
            <line number="94" hits="0" branch="False" />
            <line number="95" hits="0" branch="False" />
            <line number="96" hits="0" branch="False" />
            <line number="21" hits="0" branch="False" />
            <line number="22" hits="0" branch="False" />
            <line number="23" hits="0" branch="False" />
            <line number="24" hits="0" branch="False" />
            <line number="25" hits="0" branch="False" />
            <line number="26" hits="0" branch="False" />
            <line number="27" hits="0" branch="False" />
            <line number="29" hits="0" branch="False" />
            <line number="30" hits="0" branch="False" />
            <line number="31" hits="0" branch="False" />
            <line number="32" hits="0" branch="False" />
            <line number="33" hits="0" branch="False" />
            <line number="34" hits="0" branch="False" />
          </lines>
        </class>
        <class name="Service.Template.Application.UseCases.Template.InsertTemplateUseCaseAsync/&lt;ExecuteAsync&gt;d__4" filename="Service.Template.Application\UseCases\Template\InsertTemplateUseCaseAsync.cs" line-rate="0" branch-rate="0" complexity="2">
          <methods>
            <method name="MoveNext" signature="()" line-rate="0" branch-rate="0" complexity="2">
              <lines>
                <line number="37" hits="0" branch="False" />
                <line number="38" hits="0" branch="False" />
                <line number="40" hits="0" branch="True" condition-coverage="0% (0/2)">
                  <conditions>
                    <condition number="47" type="jump" coverage="0%" />
                  </conditions>
                </line>
                <line number="41" hits="0" branch="False" />
                <line number="42" hits="0" branch="False" />
                <line number="43" hits="0" branch="False" />
                <line number="44" hits="0" branch="False" />
                <line number="48" hits="0" branch="False" />
                <line number="49" hits="0" branch="False" />
                <line number="50" hits="0" branch="False" />
                <line number="51" hits="0" branch="False" />
                <line number="53" hits="0" branch="False" />
                <line number="55" hits="0" branch="False" />
                <line number="56" hits="0" branch="False" />
                <line number="57" hits="0" branch="False" />
                <line number="58" hits="0" branch="False" />
                <line number="59" hits="0" branch="False" />
                <line number="60" hits="0" branch="False" />
                <line number="61" hits="0" branch="False" />
                <line number="62" hits="0" branch="False" />
                <line number="63" hits="0" branch="False" />
                <line number="64" hits="0" branch="False" />
                <line number="65" hits="0" branch="False" />
                <line number="67" hits="0" branch="False" />
                <line number="68" hits="0" branch="False" />
                <line number="69" hits="0" branch="False" />
                <line number="70" hits="0" branch="False" />
                <line number="72" hits="0" branch="False" />
                <line number="73" hits="0" branch="False" />
                <line number="74" hits="0" branch="False" />
                <line number="75" hits="0" branch="False" />
                <line number="77" hits="0" branch="False" />
                <line number="78" hits="0" branch="False" />
              </lines>
            </method>
          </methods>
          <lines>
            <line number="37" hits="0" branch="False" />
            <line number="38" hits="0" branch="False" />
            <line number="40" hits="0" branch="True" condition-coverage="0% (0/2)">
              <conditions>
                <condition number="47" type="jump" coverage="0%" />
              </conditions>
            </line>
            <line number="41" hits="0" branch="False" />
            <line number="42" hits="0" branch="False" />
            <line number="43" hits="0" branch="False" />
            <line number="44" hits="0" branch="False" />
            <line number="48" hits="0" branch="False" />
            <line number="49" hits="0" branch="False" />
            <line number="50" hits="0" branch="False" />
            <line number="51" hits="0" branch="False" />
            <line number="53" hits="0" branch="False" />
            <line number="55" hits="0" branch="False" />
            <line number="56" hits="0" branch="False" />
            <line number="57" hits="0" branch="False" />
            <line number="58" hits="0" branch="False" />
            <line number="59" hits="0" branch="False" />
            <line number="60" hits="0" branch="False" />
            <line number="61" hits="0" branch="False" />
            <line number="62" hits="0" branch="False" />
            <line number="63" hits="0" branch="False" />
            <line number="64" hits="0" branch="False" />
            <line number="65" hits="0" branch="False" />
            <line number="67" hits="0" branch="False" />
            <line number="68" hits="0" branch="False" />
            <line number="69" hits="0" branch="False" />
            <line number="70" hits="0" branch="False" />
            <line number="72" hits="0" branch="False" />
            <line number="73" hits="0" branch="False" />
            <line number="74" hits="0" branch="False" />
            <line number="75" hits="0" branch="False" />
            <line number="77" hits="0" branch="False" />
            <line number="78" hits="0" branch="False" />
          </lines>
        </class>
        <class name="Service.Template.Application.UseCases.Template.UpdateTemplateUseCaseAsync" filename="Service.Template.Application\UseCases\Template\UpdateTemplateUseCaseAsync.cs" line-rate="0" branch-rate="1" complexity="4">
          <methods>
            <method name="Dispose" signature="()" line-rate="0" branch-rate="1" complexity="1">
              <lines>
                <line number="94" hits="0" branch="False" />
                <line number="95" hits="0" branch="False" />
                <line number="96" hits="0" branch="False" />
                <line number="97" hits="0" branch="False" />
              </lines>
            </method>
            <method name="Dispose" signature="(System.Boolean)" line-rate="0" branch-rate="1" complexity="1">
              <lines>
                <line number="100" hits="0" branch="False" />
                <line number="101" hits="0" branch="False" />
                <line number="102" hits="0" branch="False" />
                <line number="103" hits="0" branch="False" />
                <line number="104" hits="0" branch="False" />
              </lines>
            </method>
            <method name="Finalize" signature="()" line-rate="0" branch-rate="1" complexity="1">
              <lines>
                <line number="107" hits="0" branch="False" />
                <line number="108" hits="0" branch="False" />
                <line number="109" hits="0" branch="False" />
              </lines>
            </method>
            <method name=".ctor" signature="(AutoMapper.IMapper,Service.Template.Application.Interfaces.IUseCaseAsync`2&lt;Service.Template.Application.Models.Request.GetTemplateRequest,Service.Template.Application.Models.Response.TemplateOutResponse&gt;,Service.Template.Domain.Interfaces.Repositories.DB.ITemplateRepository)" line-rate="0" branch-rate="1" complexity="1">
              <lines>
                <line number="21" hits="0" branch="False" />
                <line number="22" hits="0" branch="False" />
                <line number="23" hits="0" branch="False" />
                <line number="24" hits="0" branch="False" />
                <line number="25" hits="0" branch="False" />
                <line number="26" hits="0" branch="False" />
                <line number="27" hits="0" branch="False" />
                <line number="28" hits="0" branch="False" />
                <line number="29" hits="0" branch="False" />
                <line number="31" hits="0" branch="False" />
                <line number="32" hits="0" branch="False" />
                <line number="33" hits="0" branch="False" />
                <line number="34" hits="0" branch="False" />
                <line number="35" hits="0" branch="False" />
                <line number="36" hits="0" branch="False" />
              </lines>
            </method>
          </methods>
          <lines>
            <line number="94" hits="0" branch="False" />
            <line number="95" hits="0" branch="False" />
            <line number="96" hits="0" branch="False" />
            <line number="97" hits="0" branch="False" />
            <line number="100" hits="0" branch="False" />
            <line number="101" hits="0" branch="False" />
            <line number="102" hits="0" branch="False" />
            <line number="103" hits="0" branch="False" />
            <line number="104" hits="0" branch="False" />
            <line number="107" hits="0" branch="False" />
            <line number="108" hits="0" branch="False" />
            <line number="109" hits="0" branch="False" />
            <line number="21" hits="0" branch="False" />
            <line number="22" hits="0" branch="False" />
            <line number="23" hits="0" branch="False" />
            <line number="24" hits="0" branch="False" />
            <line number="25" hits="0" branch="False" />
            <line number="26" hits="0" branch="False" />
            <line number="27" hits="0" branch="False" />
            <line number="28" hits="0" branch="False" />
            <line number="29" hits="0" branch="False" />
            <line number="31" hits="0" branch="False" />
            <line number="32" hits="0" branch="False" />
            <line number="33" hits="0" branch="False" />
            <line number="34" hits="0" branch="False" />
            <line number="35" hits="0" branch="False" />
            <line number="36" hits="0" branch="False" />
          </lines>
        </class>
        <class name="Service.Template.Application.UseCases.Template.UpdateTemplateUseCaseAsync/&lt;ExecuteAsync&gt;d__5" filename="Service.Template.Application\UseCases\Template\UpdateTemplateUseCaseAsync.cs" line-rate="0" branch-rate="0" complexity="8">
          <methods>
            <method name="MoveNext" signature="()" line-rate="0" branch-rate="0" complexity="8">
              <lines>
                <line number="39" hits="0" branch="True" condition-coverage="0% (0/2)">
                  <conditions>
                    <condition number="16" type="jump" coverage="0%" />
                  </conditions>
                </line>
                <line number="40" hits="0" branch="True" condition-coverage="0% (0/2)">
                  <conditions>
                    <condition number="47" type="jump" coverage="0%" />
                  </conditions>
                </line>
                <line number="41" hits="0" branch="False" />
                <line number="42" hits="0" branch="False" />
                <line number="43" hits="0" branch="False" />
                <line number="44" hits="0" branch="False" />
                <line number="50" hits="0" branch="False" />
                <line number="51" hits="0" branch="False" />
                <line number="53" hits="0" branch="True" condition-coverage="0% (0/2)">
                  <conditions>
                    <condition number="283" type="jump" coverage="0%" />
                  </conditions>
                </line>
                <line number="55" hits="0" branch="False" />
                <line number="58" hits="0" branch="False" />
                <line number="59" hits="0" branch="False" />
                <line number="60" hits="0" branch="False" />
                <line number="61" hits="0" branch="False" />
                <line number="63" hits="0" branch="True" condition-coverage="0% (0/2)">
                  <conditions>
                    <condition number="577" type="jump" coverage="0%" />
                  </conditions>
                </line>
                <line number="64" hits="0" branch="False" />
                <line number="65" hits="0" branch="False" />
                <line number="66" hits="0" branch="False" />
                <line number="67" hits="0" branch="False" />
                <line number="68" hits="0" branch="False" />
                <line number="69" hits="0" branch="False" />
                <line number="70" hits="0" branch="False" />
                <line number="71" hits="0" branch="False" />
                <line number="72" hits="0" branch="False" />
                <line number="73" hits="0" branch="False" />
                <line number="74" hits="0" branch="False" />
                <line number="75" hits="0" branch="False" />
                <line number="76" hits="0" branch="False" />
                <line number="77" hits="0" branch="False" />
                <line number="78" hits="0" branch="False" />
                <line number="80" hits="0" branch="False" />
                <line number="81" hits="0" branch="False" />
                <line number="82" hits="0" branch="False" />
                <line number="83" hits="0" branch="False" />
                <line number="85" hits="0" branch="False" />
                <line number="86" hits="0" branch="False" />
                <line number="87" hits="0" branch="False" />
                <line number="89" hits="0" branch="False" />
                <line number="90" hits="0" branch="False" />
              </lines>
            </method>
          </methods>
          <lines>
            <line number="39" hits="0" branch="True" condition-coverage="0% (0/2)">
              <conditions>
                <condition number="16" type="jump" coverage="0%" />
              </conditions>
            </line>
            <line number="40" hits="0" branch="True" condition-coverage="0% (0/2)">
              <conditions>
                <condition number="47" type="jump" coverage="0%" />
              </conditions>
            </line>
            <line number="41" hits="0" branch="False" />
            <line number="42" hits="0" branch="False" />
            <line number="43" hits="0" branch="False" />
            <line number="44" hits="0" branch="False" />
            <line number="50" hits="0" branch="False" />
            <line number="51" hits="0" branch="False" />
            <line number="53" hits="0" branch="True" condition-coverage="0% (0/2)">
              <conditions>
                <condition number="283" type="jump" coverage="0%" />
              </conditions>
            </line>
            <line number="55" hits="0" branch="False" />
            <line number="58" hits="0" branch="False" />
            <line number="59" hits="0" branch="False" />
            <line number="60" hits="0" branch="False" />
            <line number="61" hits="0" branch="False" />
            <line number="63" hits="0" branch="True" condition-coverage="0% (0/2)">
              <conditions>
                <condition number="577" type="jump" coverage="0%" />
              </conditions>
            </line>
            <line number="64" hits="0" branch="False" />
            <line number="65" hits="0" branch="False" />
            <line number="66" hits="0" branch="False" />
            <line number="67" hits="0" branch="False" />
            <line number="68" hits="0" branch="False" />
            <line number="69" hits="0" branch="False" />
            <line number="70" hits="0" branch="False" />
            <line number="71" hits="0" branch="False" />
            <line number="72" hits="0" branch="False" />
            <line number="73" hits="0" branch="False" />
            <line number="74" hits="0" branch="False" />
            <line number="75" hits="0" branch="False" />
            <line number="76" hits="0" branch="False" />
            <line number="77" hits="0" branch="False" />
            <line number="78" hits="0" branch="False" />
            <line number="80" hits="0" branch="False" />
            <line number="81" hits="0" branch="False" />
            <line number="82" hits="0" branch="False" />
            <line number="83" hits="0" branch="False" />
            <line number="85" hits="0" branch="False" />
            <line number="86" hits="0" branch="False" />
            <line number="87" hits="0" branch="False" />
            <line number="89" hits="0" branch="False" />
            <line number="90" hits="0" branch="False" />
          </lines>
        </class>
        <class name="Service.Template.Application.Models.Template" filename="Service.Template.Application\Models\Template.cs" line-rate="0" branch-rate="1" complexity="8">
          <methods>
            <method name="get_Id" signature="()" line-rate="0" branch-rate="1" complexity="1">
              <lines>
                <line number="8" hits="0" branch="False" />
              </lines>
            </method>
            <method name="get_Name" signature="()" line-rate="0" branch-rate="1" complexity="1">
              <lines>
                <line number="9" hits="0" branch="False" />
              </lines>
            </method>
            <method name="get_Status" signature="()" line-rate="0" branch-rate="1" complexity="1">
              <lines>
                <line number="10" hits="0" branch="False" />
              </lines>
            </method>
            <method name="get_DataInsert" signature="()" line-rate="0" branch-rate="1" complexity="1">
              <lines>
                <line number="11" hits="0" branch="False" />
              </lines>
            </method>
            <method name="get_DataUpdate" signature="()" line-rate="0" branch-rate="1" complexity="1">
              <lines>
                <line number="12" hits="0" branch="False" />
              </lines>
            </method>
            <method name=".ctor" signature="()" line-rate="0" branch-rate="1" complexity="1">
              <lines>
                <line number="15" hits="0" branch="False" />
                <line number="16" hits="0" branch="False" />
                <line number="17" hits="0" branch="False" />
              </lines>
            </method>
            <method name=".ctor" signature="(System.Guid)" line-rate="0" branch-rate="1" complexity="1">
              <lines>
                <line number="19" hits="0" branch="False" />
                <line number="20" hits="0" branch="False" />
                <line number="21" hits="0" branch="False" />
                <line number="22" hits="0" branch="False" />
              </lines>
            </method>
            <method name=".ctor" signature="(System.Guid,System.String,Service.Template.Domain.Enum.EStatus,System.Nullable`1&lt;System.DateTime&gt;,System.Nullable`1&lt;System.DateTime&gt;)" line-rate="0" branch-rate="1" complexity="1">
              <lines>
                <line number="24" hits="0" branch="False" />
                <line number="25" hits="0" branch="False" />
                <line number="26" hits="0" branch="False" />
                <line number="27" hits="0" branch="False" />
                <line number="28" hits="0" branch="False" />
                <line number="29" hits="0" branch="False" />
                <line number="30" hits="0" branch="False" />
              </lines>
            </method>
          </methods>
          <lines>
            <line number="8" hits="0" branch="False" />
            <line number="9" hits="0" branch="False" />
            <line number="10" hits="0" branch="False" />
            <line number="11" hits="0" branch="False" />
            <line number="12" hits="0" branch="False" />
            <line number="15" hits="0" branch="False" />
            <line number="16" hits="0" branch="False" />
            <line number="17" hits="0" branch="False" />
            <line number="19" hits="0" branch="False" />
            <line number="20" hits="0" branch="False" />
            <line number="21" hits="0" branch="False" />
            <line number="22" hits="0" branch="False" />
            <line number="24" hits="0" branch="False" />
            <line number="25" hits="0" branch="False" />
            <line number="26" hits="0" branch="False" />
            <line number="27" hits="0" branch="False" />
            <line number="28" hits="0" branch="False" />
            <line number="29" hits="0" branch="False" />
            <line number="30" hits="0" branch="False" />
          </lines>
        </class>
        <class name="Service.Template.Application.Models.Response.Mensagem" filename="Service.Template.Application\Models\Response\Mensagem.cs" line-rate="0" branch-rate="1" complexity="4">
          <methods>
            <method name="get_DataHora" signature="()" line-rate="0" branch-rate="1" complexity="1">
              <lines>
                <line number="7" hits="0" branch="False" />
              </lines>
            </method>
            <method name="get_Texto" signature="()" line-rate="0" branch-rate="1" complexity="1">
              <lines>
                <line number="8" hits="0" branch="False" />
              </lines>
            </method>
            <method name=".ctor" signature="()" line-rate="0" branch-rate="1" complexity="1">
              <lines>
                <line number="10" hits="0" branch="False" />
              </lines>
            </method>
            <method name=".ctor" signature="(System.String)" line-rate="0" branch-rate="1" complexity="1">
              <lines>
                <line number="12" hits="0" branch="False" />
                <line number="13" hits="0" branch="False" />
                <line number="14" hits="0" branch="False" />
                <line number="15" hits="0" branch="False" />
                <line number="16" hits="0" branch="False" />
              </lines>
            </method>
          </methods>
          <lines>
            <line number="7" hits="0" branch="False" />
            <line number="8" hits="0" branch="False" />
            <line number="10" hits="0" branch="False" />
            <line number="12" hits="0" branch="False" />
            <line number="13" hits="0" branch="False" />
            <line number="14" hits="0" branch="False" />
            <line number="15" hits="0" branch="False" />
            <line number="16" hits="0" branch="False" />
          </lines>
        </class>
        <class name="Service.Template.Application.Models.Response.Navigator" filename="Service.Template.Application\Models\Response\Navigator.cs" line-rate="0" branch-rate="1" complexity="6">
          <methods>
            <method name="get_RecordCount" signature="()" line-rate="0" branch-rate="1" complexity="1">
              <lines>
                <line number="11" hits="0" branch="False" />
              </lines>
            </method>
            <method name="get_PageNumber" signature="()" line-rate="0" branch-rate="1" complexity="1">
              <lines>
                <line number="12" hits="0" branch="False" />
              </lines>
            </method>
            <method name="get_PageSize" signature="()" line-rate="0" branch-rate="1" complexity="1">
              <lines>
                <line number="13" hits="0" branch="False" />
              </lines>
            </method>
            <method name="get_PageCount" signature="()" line-rate="0" branch-rate="1" complexity="1">
              <lines>
                <line number="14" hits="0" branch="False" />
              </lines>
            </method>
            <method name=".ctor" signature="()" line-rate="0" branch-rate="1" complexity="1">
              <lines>
                <line number="16" hits="0" branch="False" />
                <line number="17" hits="0" branch="False" />
                <line number="18" hits="0" branch="False" />
              </lines>
            </method>
            <method name=".ctor" signature="(System.Int32,System.Int32,System.Int32,System.Int32)" line-rate="0" branch-rate="1" complexity="1">
              <lines>
                <line number="20" hits="0" branch="False" />
                <line number="21" hits="0" branch="False" />
                <line number="22" hits="0" branch="False" />
                <line number="23" hits="0" branch="False" />
                <line number="24" hits="0" branch="False" />
                <line number="25" hits="0" branch="False" />
                <line number="26" hits="0" branch="False" />
              </lines>
            </method>
          </methods>
          <lines>
            <line number="11" hits="0" branch="False" />
            <line number="12" hits="0" branch="False" />
            <line number="13" hits="0" branch="False" />
            <line number="14" hits="0" branch="False" />
            <line number="16" hits="0" branch="False" />
            <line number="17" hits="0" branch="False" />
            <line number="18" hits="0" branch="False" />
            <line number="20" hits="0" branch="False" />
            <line number="21" hits="0" branch="False" />
            <line number="22" hits="0" branch="False" />
            <line number="23" hits="0" branch="False" />
            <line number="24" hits="0" branch="False" />
            <line number="25" hits="0" branch="False" />
            <line number="26" hits="0" branch="False" />
          </lines>
        </class>
        <class name="Service.Template.Application.Models.Response.ResponseBase" filename="Service.Template.Application\Models\Response\ResponseBase.cs" line-rate="0" branch-rate="1" complexity="13">
          <methods>
            <method name="get_Resultado" signature="()" line-rate="0" branch-rate="1" complexity="1">
              <lines>
                <line number="9" hits="0" branch="False" />
              </lines>
            </method>
            <method name="get_Mensagem" signature="()" line-rate="0" branch-rate="1" complexity="1">
              <lines>
                <line number="11" hits="0" branch="False" />
              </lines>
            </method>
            <method name="get_Mensagens" signature="()" line-rate="0" branch-rate="1" complexity="1">
              <lines>
                <line number="12" hits="0" branch="False" />
              </lines>
            </method>
            <method name="get_Exceptions" signature="()" line-rate="0" branch-rate="1" complexity="1">
              <lines>
                <line number="13" hits="0" branch="False" />
              </lines>
            </method>
            <method name="get_Data" signature="()" line-rate="0" branch-rate="1" complexity="1">
              <lines>
                <line number="14" hits="0" branch="False" />
              </lines>
            </method>
            <method name="get_Request" signature="()" line-rate="0" branch-rate="1" complexity="1">
              <lines>
                <line number="16" hits="0" branch="False" />
              </lines>
            </method>
            <method name="get_ErrorsResponse" signature="()" line-rate="0" branch-rate="1" complexity="1">
              <lines>
                <line number="18" hits="0" branch="False" />
              </lines>
            </method>
            <method name="AddMensagem" signature="(System.String)" line-rate="0" branch-rate="1" complexity="1">
              <lines>
                <line number="29" hits="0" branch="False" />
                <line number="30" hits="0" branch="False" />
                <line number="31" hits="0" branch="False" />
              </lines>
            </method>
            <method name="AddExceptions" signature="(System.Exception)" line-rate="0" branch-rate="1" complexity="1">
              <lines>
                <line number="34" hits="0" branch="False" />
                <line number="35" hits="0" branch="False" />
                <line number="36" hits="0" branch="False" />
              </lines>
            </method>
            <method name="Dispose" signature="()" line-rate="0" branch-rate="1" complexity="1">
              <lines>
                <line number="40" hits="0" branch="False" />
                <line number="41" hits="0" branch="False" />
                <line number="42" hits="0" branch="False" />
                <line number="43" hits="0" branch="False" />
              </lines>
            </method>
            <method name="Dispose" signature="(System.Boolean)" line-rate="0" branch-rate="1" complexity="1">
              <lines>
                <line number="46" hits="0" branch="False" />
                <line number="48" hits="0" branch="False" />
              </lines>
            </method>
            <method name="Finalize" signature="()" line-rate="0" branch-rate="1" complexity="1">
              <lines>
                <line number="51" hits="0" branch="False" />
                <line number="52" hits="0" branch="False" />
                <line number="53" hits="0" branch="False" />
              </lines>
            </method>
            <method name=".ctor" signature="()" line-rate="0" branch-rate="1" complexity="1">
              <lines>
                <line number="20" hits="0" branch="False" />
                <line number="21" hits="0" branch="False" />
                <line number="22" hits="0" branch="False" />
                <line number="23" hits="0" branch="False" />
                <line number="24" hits="0" branch="False" />
                <line number="25" hits="0" branch="False" />
                <line number="26" hits="0" branch="False" />
              </lines>
            </method>
          </methods>
          <lines>
            <line number="9" hits="0" branch="False" />
            <line number="11" hits="0" branch="False" />
            <line number="12" hits="0" branch="False" />
            <line number="13" hits="0" branch="False" />
            <line number="14" hits="0" branch="False" />
            <line number="16" hits="0" branch="False" />
            <line number="18" hits="0" branch="False" />
            <line number="29" hits="0" branch="False" />
            <line number="30" hits="0" branch="False" />
            <line number="31" hits="0" branch="False" />
            <line number="34" hits="0" branch="False" />
            <line number="35" hits="0" branch="False" />
            <line number="36" hits="0" branch="False" />
            <line number="40" hits="0" branch="False" />
            <line number="41" hits="0" branch="False" />
            <line number="42" hits="0" branch="False" />
            <line number="43" hits="0" branch="False" />
            <line number="46" hits="0" branch="False" />
            <line number="48" hits="0" branch="False" />
            <line number="51" hits="0" branch="False" />
            <line number="52" hits="0" branch="False" />
            <line number="53" hits="0" branch="False" />
            <line number="20" hits="0" branch="False" />
            <line number="21" hits="0" branch="False" />
            <line number="22" hits="0" branch="False" />
            <line number="23" hits="0" branch="False" />
            <line number="24" hits="0" branch="False" />
            <line number="25" hits="0" branch="False" />
            <line number="26" hits="0" branch="False" />
          </lines>
        </class>
        <class name="Service.Template.Application.Models.Response.TemplateResponse" filename="Service.Template.Application\Models\Response\Template\TemplateResponse.cs" line-rate="0" branch-rate="1" complexity="4">
          <methods>
            <method name="get_Navigators" signature="()" line-rate="0" branch-rate="1" complexity="1">
              <lines>
                <line number="7" hits="0" branch="False" />
              </lines>
            </method>
            <method name="get_Templates" signature="()" line-rate="0" branch-rate="1" complexity="1">
              <lines>
                <line number="8" hits="0" branch="False" />
              </lines>
            </method>
            <method name=".ctor" signature="()" line-rate="0" branch-rate="1" complexity="1">
              <lines>
                <line number="10" hits="0" branch="False" />
                <line number="11" hits="0" branch="False" />
                <line number="12" hits="0" branch="False" />
                <line number="13" hits="0" branch="False" />
                <line number="14" hits="0" branch="False" />
              </lines>
            </method>
            <method name=".ctor" signature="(System.Collections.Generic.List`1&lt;Service.Template.Application.Models.Response.Navigator&gt;,System.Collections.Generic.List`1&lt;Service.Template.Application.Models.Template&gt;)" line-rate="0" branch-rate="1" complexity="1">
              <lines>
                <line number="16" hits="0" branch="False" />
                <line number="17" hits="0" branch="False" />
                <line number="18" hits="0" branch="False" />
                <line number="19" hits="0" branch="False" />
                <line number="20" hits="0" branch="False" />
              </lines>
            </method>
          </methods>
          <lines>
            <line number="7" hits="0" branch="False" />
            <line number="8" hits="0" branch="False" />
            <line number="10" hits="0" branch="False" />
            <line number="11" hits="0" branch="False" />
            <line number="12" hits="0" branch="False" />
            <line number="13" hits="0" branch="False" />
            <line number="14" hits="0" branch="False" />
            <line number="16" hits="0" branch="False" />
            <line number="17" hits="0" branch="False" />
            <line number="18" hits="0" branch="False" />
            <line number="19" hits="0" branch="False" />
            <line number="20" hits="0" branch="False" />
          </lines>
        </class>
        <class name="Service.Template.Application.Models.Response.Errors.ErrorResponse" filename="Service.Template.Application\Models\Response\Errors\ErrorResponse.cs" line-rate="0" branch-rate="1" complexity="6">
          <methods>
            <method name="get_Id" signature="()" line-rate="0" branch-rate="1" complexity="1">
              <lines>
                <line number="11" hits="0" branch="False" />
              </lines>
            </method>
            <method name="get_Parameter" signature="()" line-rate="0" branch-rate="1" complexity="1">
              <lines>
                <line number="12" hits="0" branch="False" />
              </lines>
            </method>
            <method name="get_Message" signature="()" line-rate="0" branch-rate="1" complexity="1">
              <lines>
                <line number="13" hits="0" branch="False" />
              </lines>
            </method>
            <method name=".ctor" signature="()" line-rate="0" branch-rate="1" complexity="1">
              <lines>
                <line number="15" hits="0" branch="False" />
                <line number="16" hits="0" branch="False" />
                <line number="17" hits="0" branch="False" />
              </lines>
            </method>
            <method name=".ctor" signature="(System.String,System.String)" line-rate="0" branch-rate="1" complexity="1">
              <lines>
                <line number="19" hits="0" branch="False" />
                <line number="20" hits="0" branch="False" />
                <line number="21" hits="0" branch="False" />
                <line number="22" hits="0" branch="False" />
                <line number="23" hits="0" branch="False" />
              </lines>
            </method>
            <method name=".ctor" signature="(System.String,System.String,System.String)" line-rate="0" branch-rate="1" complexity="1">
              <lines>
                <line number="25" hits="0" branch="False" />
                <line number="26" hits="0" branch="False" />
                <line number="27" hits="0" branch="False" />
                <line number="28" hits="0" branch="False" />
              </lines>
            </method>
          </methods>
          <lines>
            <line number="11" hits="0" branch="False" />
            <line number="12" hits="0" branch="False" />
            <line number="13" hits="0" branch="False" />
            <line number="15" hits="0" branch="False" />
            <line number="16" hits="0" branch="False" />
            <line number="17" hits="0" branch="False" />
            <line number="19" hits="0" branch="False" />
            <line number="20" hits="0" branch="False" />
            <line number="21" hits="0" branch="False" />
            <line number="22" hits="0" branch="False" />
            <line number="23" hits="0" branch="False" />
            <line number="25" hits="0" branch="False" />
            <line number="26" hits="0" branch="False" />
            <line number="27" hits="0" branch="False" />
            <line number="28" hits="0" branch="False" />
          </lines>
        </class>
        <class name="Service.Template.Application.Models.Response.Errors.ErrorsResponse" filename="Service.Template.Application\Models\Response\Errors\ErrorsResponse.cs" line-rate="0" branch-rate="1" complexity="3">
          <methods>
            <method name="get_Errors" signature="()" line-rate="0" branch-rate="1" complexity="1">
              <lines>
                <line number="11" hits="0" branch="False" />
              </lines>
            </method>
            <method name=".ctor" signature="()" line-rate="0" branch-rate="1" complexity="1">
              <lines>
                <line number="13" hits="0" branch="False" />
                <line number="14" hits="0" branch="False" />
                <line number="15" hits="0" branch="False" />
                <line number="16" hits="0" branch="False" />
              </lines>
            </method>
            <method name=".ctor" signature="(System.Collections.Generic.List`1&lt;Service.Template.Application.Models.Response.Errors.ErrorResponse&gt;)" line-rate="0" branch-rate="1" complexity="1">
              <lines>
                <line number="18" hits="0" branch="False" />
                <line number="19" hits="0" branch="False" />
                <line number="20" hits="0" branch="False" />
                <line number="21" hits="0" branch="False" />
              </lines>
            </method>
          </methods>
          <lines>
            <line number="11" hits="0" branch="False" />
            <line number="13" hits="0" branch="False" />
            <line number="14" hits="0" branch="False" />
            <line number="15" hits="0" branch="False" />
            <line number="16" hits="0" branch="False" />
            <line number="18" hits="0" branch="False" />
            <line number="19" hits="0" branch="False" />
            <line number="20" hits="0" branch="False" />
            <line number="21" hits="0" branch="False" />
          </lines>
        </class>
        <class name="Service.Template.Application.Models.Request.DeleteTemplateRequest" filename="Service.Template.Application\Models\Request\Template\DeleteTemplateRequest.cs" line-rate="0" branch-rate="0" complexity="4">
          <methods>
            <method name="get_Id" signature="()" line-rate="0" branch-rate="1" complexity="1">
              <lines>
                <line number="8" hits="0" branch="False" />
              </lines>
            </method>
            <method name="get_IsValidTemplate" signature="()" line-rate="0" branch-rate="1" complexity="1">
              <lines>
                <line number="15" hits="0" branch="False" />
                <line number="16" hits="0" branch="False" />
                <line number="17" hits="0" branch="False" />
              </lines>
            </method>
            <method name=".ctor" signature="(System.Guid)" line-rate="0" branch-rate="0" complexity="2">
              <lines>
                <line number="21" hits="0" branch="False" />
                <line number="22" hits="0" branch="False" />
                <line number="23" hits="0" branch="False" />
                <line number="25" hits="0" branch="True" condition-coverage="0% (0/2)">
                  <conditions>
                    <condition number="42" type="jump" coverage="0%" />
                  </conditions>
                </line>
                <line number="26" hits="0" branch="False" />
              </lines>
            </method>
          </methods>
          <lines>
            <line number="8" hits="0" branch="False" />
            <line number="15" hits="0" branch="False" />
            <line number="16" hits="0" branch="False" />
            <line number="17" hits="0" branch="False" />
            <line number="21" hits="0" branch="False" />
            <line number="22" hits="0" branch="False" />
            <line number="23" hits="0" branch="False" />
[...]
            <line number="29" hits="0" branch="False" />
            <line number="30" hits="0" branch="False" />
          </lines>
        </class>
        <class name="Service.Template.Application.Mappers.AutoMapperProfile" filename="Service.Template.Application\Mappers\AutoMapperProfile.cs" line-rate="0" branch-rate="1" complexity="1">
          <methods>
            <method name=".ctor" signature="()" line-rate="0" branch-rate="1" complexity="1">
              <lines>
                <line number="11" hits="0" branch="False" />
                <line number="12" hits="0" branch="False" />
                <line number="13" hits="0" branch="False" />
                <line number="14" hits="0" branch="False" />
                <line number="15" hits="0" branch="False" />
                <line number="17" hits="0" branch="False" />
                <line number="18" hits="0" branch="False" />
              </lines>
            </method>
          </methods>
          <lines>
            <line number="11" hits="0" branch="False" />
            <line number="12" hits="0" branch="False" />
            <line number="13" hits="0" branch="False" />
            <line number="14" hits="0" branch="False" />
            <line number="15" hits="0" branch="False" />
            <line number="17" hits="0" branch="False" />
            <line number="18" hits="0" branch="False" />
          </lines>
        </class>
      </classes>
    </package>
    <package name="ServiceService.Template.Domain" line-rate="0.5058" branch-rate="0.5" complexity="32">
      <classes>
        <class name="ervice.Template.Domain.Base.Resource" filename="Service.Template.Domain\Base\Resource.cs" line-rate="1" branch-rate="1" complexity="1">
          <methods>
            <method name=".cctor" signature="()" line-rate="1" branch-rate="1" complexity="1">
              <lines>
                <line number="5" hits="1" branch="False" />
                <line number="6" hits="1" branch="False" />
                <line number="7" hits="1" branch="False" />
                <line number="8" hits="1" branch="False" />
              </lines>
            </method>
          </methods>
          <lines>
            <line number="5" hits="1" branch="False" />
            <line number="6" hits="1" branch="False" />
            <line number="7" hits="1" branch="False" />
            <line number="8" hits="1" branch="False" />
          </lines>
        </class>
        <class name="Service.Template.Domain.Entities.Navigator" filename="Service.Template.Domain\Entities\Navigator.cs" line-rate="0" branch-rate="1" complexity="6">
          <methods>
            <method name="get_RecordCount" signature="()" line-rate="0" branch-rate="1" complexity="1">
              <lines>
                <line number="5" hits="0" branch="False" />
              </lines>
            </method>
            <method name="get_PageNumber" signature="()" line-rate="0" branch-rate="1" complexity="1">
              <lines>
                <line number="6" hits="0" branch="False" />
              </lines>
            </method>
            <method name="get_PageSize" signature="()" line-rate="0" branch-rate="1" complexity="1">
              <lines>
                <line number="7" hits="0" branch="False" />
              </lines>
            </method>
            <method name="get_PageCount" signature="()" line-rate="0" branch-rate="1" complexity="1">
              <lines>
                <line number="8" hits="0" branch="False" />
              </lines>
            </method>
            <method name=".ctor" signature="()" line-rate="0" branch-rate="1" complexity="1">
              <lines>
                <line number="10" hits="0" branch="False" />
                <line number="11" hits="0" branch="False" />
                <line number="12" hits="0" branch="False" />
              </lines>
            </method>
            <method name=".ctor" signature="(System.Int32,System.Int32,System.Int32,System.Int32)" line-rate="0" branch-rate="1" complexity="1">
              <lines>
                <line number="14" hits="0" branch="False" />
                <line number="15" hits="0" branch="False" />
                <line number="16" hits="0" branch="False" />
                <line number="17" hits="0" branch="False" />
                <line number="18" hits="0" branch="False" />
                <line number="19" hits="0" branch="False" />
                <line number="20" hits="0" branch="False" />
              </lines>
            </method>
          </methods>
          <lines>
            <line number="5" hits="0" branch="False" />
            <line number="6" hits="0" branch="False" />
            <line number="7" hits="0" branch="False" />
            <line number="8" hits="0" branch="False" />
            <line number="10" hits="0" branch="False" />
            <line number="11" hits="0" branch="False" />
            <line number="12" hits="0" branch="False" />
            <line number="14" hits="0" branch="False" />
            <line number="15" hits="0" branch="False" />
            <line number="16" hits="0" branch="False" />
            <line number="17" hits="0" branch="False" />
            <line number="18" hits="0" branch="False" />
            <line number="19" hits="0" branch="False" />
            <line number="20" hits="0" branch="False" />
          </lines>
        </class>
        <class name="Service.Template.Domain.Entities.Template" filename="Service.Template.Domain\Entities\Template\Template.cs" line-rate="0.5161" branch-rate="0.25" complexity="8">
          <methods>
            <method name="Validate" signature="()" line-rate="0.8887999999999999" branch-rate="0.5" complexity="2">
              <lines>
                <line number="15" hits="2" branch="False" />
                <line number="16" hits="2" branch="False" />
                <line number="17" hits="2" branch="False" />
                <line number="19" hits="2" branch="True" condition-coverage="50% (1/2)">
                  <conditions>
                    <condition number="89" type="jump" coverage="50%" />
                  </conditions>
                </line>
                <line number="20" hits="2" branch="False" />
                <line number="21" hits="2" branch="False" />
                <line number="22" hits="2" branch="False" />
                <line number="23" hits="2" branch="False" />
                <line number="24" hits="0" branch="False" />
              </lines>
            </method>
            <method name="get_Nome" signature="()" line-rate="1" branch-rate="1" complexity="1">
              <lines>
                <line number="26" hits="4" branch="False" />
              </lines>
            </method>
            <method name="AlterarNome" signature="(System.String)" line-rate="0" branch-rate="0" complexity="2">
              <lines>
                <line number="48" hits="0" branch="False" />
                <line number="49" hits="0" branch="True" condition-coverage="0% (0/2)">
                  <conditions>
                    <condition number="12" type="jump" coverage="0%" />
                  </conditions>
                </line>
                <line number="50" hits="0" branch="False" />
                <line number="51" hits="0" branch="False" />
                <line number="53" hits="0" branch="False" />
                <line number="54" hits="0" branch="False" />
              </lines>
            </method>
            <method name=".ctor" signature="()" line-rate="0" branch-rate="1" complexity="1">
              <lines>
                <line number="13" hits="0" branch="False" />
              </lines>
            </method>
            <method name=".ctor" signature="(System.Guid,System.String,Service.Template.Domain.Enum.EStatus,System.Guid)" line-rate="0.875" branch-rate="1" complexity="1">
              <lines>
                <line number="28" hits="2" branch="False" />
                <line number="29" hits="2" branch="False" />
                <line number="30" hits="2" branch="False" />
                <line number="31" hits="2" branch="False" />
                <line number="32" hits="2" branch="False" />
                <line number="33" hits="2" branch="False" />
                <line number="35" hits="2" branch="False" />
                <line number="36" hits="0" branch="False" />
              </lines>
            </method>
            <method name=".ctor" signature="(System.Guid)" line-rate="0" branch-rate="1" complexity="1">
              <lines>
                <line number="38" hits="0" branch="False" />
                <line number="39" hits="0" branch="False" />
                <line number="40" hits="0" branch="False" />
                <line number="42" hits="0" branch="False" />
                <line number="44" hits="0" branch="False" />
                <line number="45" hits="0" branch="False" />
              </lines>
            </method>
          </methods>
          <lines>
            <line number="15" hits="2" branch="False" />
            <line number="16" hits="2" branch="False" />
            <line number="17" hits="2" branch="False" />
            <line number="19" hits="2" branch="True" condition-coverage="50% (1/2)">
              <conditions>
                <condition number="89" type="jump" coverage="50%" />
              </conditions>
            </line>
            <line number="20" hits="2" branch="False" />
            <line number="21" hits="2" branch="False" />
            <line number="22" hits="2" branch="False" />
            <line number="23" hits="2" branch="False" />
            <line number="24" hits="0" branch="False" />
            <line number="26" hits="4" branch="False" />
            <line number="48" hits="0" branch="False" />
            <line number="49" hits="0" branch="True" condition-coverage="0% (0/2)">
              <conditions>
                <condition number="12" type="jump" coverage="0%" />
              </conditions>
            </line>
            <line number="50" hits="0" branch="False" />
            <line number="51" hits="0" branch="False" />
            <line number="53" hits="0" branch="False" />
            <line number="54" hits="0" branch="False" />
            <line number="13" hits="0" branch="False" />
            <line number="28" hits="2" branch="False" />
            <line number="29" hits="2" branch="False" />
            <line number="30" hits="2" branch="False" />
            <line number="31" hits="2" branch="False" />
            <line number="32" hits="2" branch="False" />
            <line number="33" hits="2" branch="False" />
            <line number="35" hits="2" branch="False" />
            <line number="36" hits="0" branch="False" />
            <line number="38" hits="0" branch="False" />
            <line number="39" hits="0" branch="False" />
            <line number="40" hits="0" branch="False" />
            <line number="42" hits="0" branch="False" />
            <line number="44" hits="0" branch="False" />
            <line number="45" hits="0" branch="False" />
          </lines>
        </class>
        <class name="Service.Template.Domain.Base.Base" filename="Service.Template.Domain\Base\Base.cs" line-rate="0.6" branch-rate="1" complexity="5">
          <methods>
            <method name="get_Id" signature="()" line-rate="1" branch-rate="1" complexity="1">
              <lines>
                <line number="8" hits="4" branch="False" />
              </lines>
            </method>
            <method name="get_Status" signature="()" line-rate="1" branch-rate="1" complexity="1">
              <lines>
                <line number="9" hits="2" branch="False" />
              </lines>
            </method>
            <method name="get_DataInsert" signature="()" line-rate="0" branch-rate="1" complexity="1">
              <lines>
                <line number="10" hits="0" branch="False" />
              </lines>
            </method>
            <method name="get_DataUpdate" signature="()" line-rate="0" branch-rate="1" complexity="1">
              <lines>
                <line number="11" hits="0" branch="False" />
              </lines>
            </method>
            <method name="get_SysUsuSessionId" signature="()" line-rate="1" branch-rate="1" complexity="1">
              <lines>
                <line number="12" hits="4" branch="False" />
              </lines>
            </method>
          </methods>
          <lines>
            <line number="8" hits="4" branch="False" />
            <line number="9" hits="2" branch="False" />
            <line number="10" hits="0" branch="False" />
            <line number="11" hits="0" branch="False" />
            <line number="12" hits="4" branch="False" />
          </lines>
        </class>
        <class name="Service.Template.Domain.Base.DapperQuery" filename="Service.Template.Domain\Base\DapperQuery.cs" line-rate="0" branch-rate="1" complexity="4">
          <methods>
            <method name="get_SysUsuSessionId" signature="()" line-rate="0" branch-rate="1" complexity="1">
              <lines>
                <line number="7" hits="0" branch="False" />
              </lines>
            </method>
            <method name="get_Query" signature="()" line-rate="0" branch-rate="1" complexity="1">
              <lines>
                <line number="8" hits="0" branch="False" />
              </lines>
            </method>
            <method name=".ctor" signature="()" line-rate="0" branch-rate="1" complexity="1">
              <lines>
                <line number="10" hits="0" branch="False" />
                <line number="11" hits="0" branch="False" />
                <line number="12" hits="0" branch="False" />
              </lines>
            </method>
            <method name=".ctor" signature="(System.Guid,System.String)" line-rate="0" branch-rate="1" complexity="1">
              <lines>
                <line number="14" hits="0" branch="False" />
                <line number="15" hits="0" branch="False" />
                <line number="16" hits="0" branch="False" />
                <line number="17" hits="0" branch="False" />
                <line number="18" hits="0" branch="False" />
              </lines>
            </method>
          </methods>
          <lines>
            <line number="7" hits="0" branch="False" />
            <line number="8" hits="0" branch="False" />
            <line number="10" hits="0" branch="False" />
            <line number="11" hits="0" branch="False" />
            <line number="12" hits="0" branch="False" />
            <line number="14" hits="0" branch="False" />
            <line number="15" hits="0" branch="False" />
            <line number="16" hits="0" branch="False" />
            <line number="17" hits="0" branch="False" />
            <line number="18" hits="0" branch="False" />
          </lines>
        </class>
        <class name="Service.Template.Domain.Base.ValidadorDeRegra" filename="Service.Template.Domain\Base\ValidadorDeRegra.cs" line-rate="0.9375" branch-rate="0.75" complexity="6">
          <methods>
            <method name="Novo" signature="()" line-rate="1" branch-rate="1" complexity="1">
              <lines>
                <line number="17" hits="2" branch="False" />
                <line number="18" hits="2" branch="False" />
                <line number="19" hits="2" branch="False" />
              </lines>
            </method>
            <method name="Quando" signature="(System.Boolean,System.String)" line-rate="1" branch-rate="1" complexity="2">
              <lines>
                <line number="22" hits="6" branch="False" />
                <line number="23" hits="6" branch="True" condition-coverage="100% (2/2)">
                  <conditions>
                    <condition number="4" type="jump" coverage="100%" />
                  </conditions>
                </line>
                <line number="24" hits="2" branch="False" />
                <line number="26" hits="6" branch="False" />
                <line number="27" hits="6" branch="False" />
              </lines>
            </method>
            <method name="DispararExcecaoSeExistir" signature="()" line-rate="0.75" branch-rate="0.5" complexity="2">
              <lines>
                <line number="30" hits="2" branch="False" />
                <line number="31" hits="2" branch="True" condition-coverage="50% (1/2)">
                  <conditions>
                    <condition number="14" type="jump" coverage="50%" />
                  </conditions>
                </line>
                <line number="32" hits="2" branch="False" />
                <line number="33" hits="0" branch="False" />
              </lines>
            </method>
            <method name=".ctor" signature="()" line-rate="1" branch-rate="1" complexity="1">
              <lines>
                <line number="11" hits="2" branch="False" />
                <line number="12" hits="2" branch="False" />
                <line number="13" hits="2" branch="False" />
                <line number="14" hits="2" branch="False" />
              </lines>
            </method>
          </methods>
          <lines>
            <line number="17" hits="2" branch="False" />
            <line number="18" hits="2" branch="False" />
            <line number="19" hits="2" branch="False" />
            <line number="22" hits="6" branch="False" />
            <line number="23" hits="6" branch="True" condition-coverage="100% (2/2)">
              <conditions>
                <condition number="4" type="jump" coverage="100%" />
              </conditions>
            </line>
            <line number="24" hits="2" branch="False" />
            <line number="26" hits="6" branch="False" />
            <line number="27" hits="6" branch="False" />
            <line number="30" hits="2" branch="False" />
            <line number="31" hits="2" branch="True" condition-coverage="50% (1/2)">
              <conditions>
                <condition number="14" type="jump" coverage="50%" />
              </conditions>
            </line>
            <line number="32" hits="2" branch="False" />
            <line number="33" hits="0" branch="False" />
            <line number="11" hits="2" branch="False" />
            <line number="12" hits="2" branch="False" />
            <line number="13" hits="2" branch="False" />
            <line number="14" hits="2" branch="False" />
          </lines>
        </class>
        <class name="Service.Template.Domain.Base.ExcecaoDeDominio" filename="Service.Template.Domain\Base\ValidadorDeRegra.cs" line-rate="1" branch-rate="1" complexity="2">
          <methods>
            <method name="get_MensagensDeErro" signature="()" line-rate="1" branch-rate="1" complexity="1">
              <lines>
                <line number="38" hits="4" branch="False" />
              </lines>
            </method>
            <method name=".ctor" signature="(System.Collections.Generic.List`1&lt;System.String&gt;)" line-rate="1" branch-rate="1" complexity="1">
              <lines>
                <line number="40" hits="2" branch="False" />
                <line number="41" hits="2" branch="False" />
                <line number="42" hits="2" branch="False" />
                <line number="43" hits="2" branch="False" />
              </lines>
            </method>
          </methods>
          <lines>
            <line number="38" hits="4" branch="False" />
            <line number="40" hits="2" branch="False" />
            <line number="41" hits="2" branch="False" />
            <line number="42" hits="2" branch="False" />
            <line number="43" hits="2" branch="False" />
          </lines>
        </class>
      </classes>
    </package>
    <package name="ServiceService.Template.Repository" line-rate="1" branch-rate="1" complexity="0">
      <classes />
    </package>
  </packages>
</coverage>